ERROR - 2023-02-11 08:24:36 --> Error connecting to the database: Call to undefined function CodeIgniter\Database\MySQLi\mysqli_init()
CRITICAL - 2023-02-11 08:24:36 --> Unable to connect to the database.
#0 /var/www/hdz/framework/Database/BaseConnection.php(618): CodeIgniter\Database\BaseConnection->initialize()
#1 /var/www/hdz/framework/Database/BaseBuilder.php(1866): CodeIgniter\Database\BaseConnection->query('SELECT *\nFROM `...', Array, false)
#2 /var/www/hdz/app/Libraries/Settings.php(20): CodeIgniter\Database\BaseBuilder->get()
#3 /var/www/hdz/app/Filters/UserAuth.php(22): App\Libraries\Settings->config('maintenance')
#4 /var/www/hdz/framework/Filters/Filters.php(181): App\Filters\UserAuth->before(Object(CodeIgniter\HTTP\IncomingRequest), NULL)
#5 /var/www/hdz/framework/CodeIgniter.php(403): CodeIgniter\Filters\Filters->run('/', 'before')
#6 /var/www/hdz/framework/CodeIgniter.php(333): CodeIgniter\CodeIgniter->handleRequest(NULL, Object(Config\Cache), false)
#7 /var/www/index.php(44): CodeIgniter\CodeIgniter->run()
#8 {main}
ERROR - 2023-02-11 08:25:31 --> Error connecting to the database: Call to undefined function CodeIgniter\Database\MySQLi\mysqli_init()
CRITICAL - 2023-02-11 08:25:31 --> Unable to connect to the database.
#0 /var/www/hdz/framework/Database/BaseConnection.php(618): CodeIgniter\Database\BaseConnection->initialize()
#1 /var/www/hdz/framework/Database/BaseBuilder.php(1866): CodeIgniter\Database\BaseConnection->query('SELECT *\nFROM `...', Array, false)
#2 /var/www/hdz/app/Libraries/Settings.php(20): CodeIgniter\Database\BaseBuilder->get()
#3 /var/www/hdz/app/Filters/UserAuth.php(22): App\Libraries\Settings->config('maintenance')
#4 /var/www/hdz/framework/Filters/Filters.php(181): App\Filters\UserAuth->before(Object(CodeIgniter\HTTP\IncomingRequest), NULL)
#5 /var/www/hdz/framework/CodeIgniter.php(403): CodeIgniter\Filters\Filters->run('/', 'before')
#6 /var/www/hdz/framework/CodeIgniter.php(333): CodeIgniter\CodeIgniter->handleRequest(NULL, Object(Config\Cache), false)
#7 /var/www/index.php(44): CodeIgniter\CodeIgniter->run()
#8 {main}
ERROR - 2023-02-11 08:25:45 --> Error connecting to the database: Call to undefined function CodeIgniter\Database\MySQLi\mysqli_init()
CRITICAL - 2023-02-11 08:25:45 --> Unable to connect to the database.
#0 /var/www/hdz/framework/Database/BaseConnection.php(618): CodeIgniter\Database\BaseConnection->initialize()
#1 /var/www/hdz/framework/Database/BaseBuilder.php(1866): CodeIgniter\Database\BaseConnection->query('SELECT *\nFROM `...', Array, false)
#2 /var/www/hdz/app/Libraries/Settings.php(20): CodeIgniter\Database\BaseBuilder->get()
#3 /var/www/hdz/app/Filters/UserAuth.php(22): App\Libraries\Settings->config('maintenance')
#4 /var/www/hdz/framework/Filters/Filters.php(181): App\Filters\UserAuth->before(Object(CodeIgniter\HTTP\IncomingRequest), NULL)
#5 /var/www/hdz/framework/CodeIgniter.php(403): CodeIgniter\Filters\Filters->run('/', 'before')
#6 /var/www/hdz/framework/CodeIgniter.php(333): CodeIgniter\CodeIgniter->handleRequest(NULL, Object(Config\Cache), false)
#7 /var/www/index.php(44): CodeIgniter\CodeIgniter->run()
#8 {main}
ERROR - 2023-02-11 08:25:46 --> Error connecting to the database: Call to undefined function CodeIgniter\Database\MySQLi\mysqli_init()
CRITICAL - 2023-02-11 08:25:46 --> Unable to connect to the database.
#0 /var/www/hdz/framework/Database/BaseConnection.php(618): CodeIgniter\Database\BaseConnection->initialize()
#1 /var/www/hdz/framework/Database/BaseBuilder.php(1866): CodeIgniter\Database\BaseConnection->query('SELECT *\nFROM `...', Array, false)
#2 /var/www/hdz/app/Libraries/Settings.php(20): CodeIgniter\Database\BaseBuilder->get()
#3 /var/www/hdz/app/Filters/UserAuth.php(22): App\Libraries\Settings->config('maintenance')
#4 /var/www/hdz/framework/Filters/Filters.php(181): App\Filters\UserAuth->before(Object(CodeIgniter\HTTP\IncomingRequest), NULL)
#5 /var/www/hdz/framework/CodeIgniter.php(403): CodeIgniter\Filters\Filters->run('/', 'before')
#6 /var/www/hdz/framework/CodeIgniter.php(333): CodeIgniter\CodeIgniter->handleRequest(NULL, Object(Config\Cache), false)
#7 /var/www/index.php(44): CodeIgniter\CodeIgniter->run()
#8 {main}
ERROR - 2023-02-11 08:25:58 --> Error connecting to the database: Call to undefined function CodeIgniter\Database\MySQLi\mysqli_init()
CRITICAL - 2023-02-11 08:25:58 --> Unable to connect to the database.
#0 /var/www/hdz/framework/Database/BaseConnection.php(618): CodeIgniter\Database\BaseConnection->initialize()
#1 /var/www/hdz/framework/Database/BaseBuilder.php(1866): CodeIgniter\Database\BaseConnection->query('SELECT *\nFROM `...', Array, false)
#2 /var/www/hdz/app/Libraries/Settings.php(20): CodeIgniter\Database\BaseBuilder->get()
#3 /var/www/hdz/app/Filters/UserAuth.php(22): App\Libraries\Settings->config('maintenance')
#4 /var/www/hdz/framework/Filters/Filters.php(181): App\Filters\UserAuth->before(Object(CodeIgniter\HTTP\IncomingRequest), NULL)
#5 /var/www/hdz/framework/CodeIgniter.php(403): CodeIgniter\Filters\Filters->run('/', 'before')
#6 /var/www/hdz/framework/CodeIgniter.php(333): CodeIgniter\CodeIgniter->handleRequest(NULL, Object(Config\Cache), false)
#7 /var/www/index.php(44): CodeIgniter\CodeIgniter->run()
#8 {main}
ERROR - 2023-02-11 08:28:17 --> Error connecting to the database: Call to undefined function CodeIgniter\Database\MySQLi\mysqli_init()
CRITICAL - 2023-02-11 08:28:17 --> Unable to connect to the database.
#0 /var/www/hdz/framework/Database/BaseConnection.php(618): CodeIgniter\Database\BaseConnection->initialize()
#1 /var/www/hdz/framework/Database/BaseBuilder.php(1866): CodeIgniter\Database\BaseConnection->query('SELECT *\nFROM `...', Array, false)
#2 /var/www/hdz/app/Libraries/Settings.php(20): CodeIgniter\Database\BaseBuilder->get()
#3 /var/www/hdz/app/Filters/UserAuth.php(22): App\Libraries\Settings->config('maintenance')
#4 /var/www/hdz/framework/Filters/Filters.php(181): App\Filters\UserAuth->before(Object(CodeIgniter\HTTP\IncomingRequest), NULL)
#5 /var/www/hdz/framework/CodeIgniter.php(403): CodeIgniter\Filters\Filters->run('/', 'before')
#6 /var/www/hdz/framework/CodeIgniter.php(333): CodeIgniter\CodeIgniter->handleRequest(NULL, Object(Config\Cache), false)
#7 /var/www/index.php(44): CodeIgniter\CodeIgniter->run()
#8 {main}
ERROR - 2023-02-11 08:28:18 --> Error connecting to the database: Call to undefined function CodeIgniter\Database\MySQLi\mysqli_init()
CRITICAL - 2023-02-11 08:28:18 --> Unable to connect to the database.
#0 /var/www/hdz/framework/Database/BaseConnection.php(618): CodeIgniter\Database\BaseConnection->initialize()
#1 /var/www/hdz/framework/Database/BaseBuilder.php(1866): CodeIgniter\Database\BaseConnection->query('SELECT *\nFROM `...', Array, false)
#2 /var/www/hdz/app/Libraries/Settings.php(20): CodeIgniter\Database\BaseBuilder->get()
#3 /var/www/hdz/app/Filters/UserAuth.php(22): App\Libraries\Settings->config('maintenance')
#4 /var/www/hdz/framework/Filters/Filters.php(181): App\Filters\UserAuth->before(Object(CodeIgniter\HTTP\IncomingRequest), NULL)
#5 /var/www/hdz/framework/CodeIgniter.php(403): CodeIgniter\Filters\Filters->run('/', 'before')
#6 /var/www/hdz/framework/CodeIgniter.php(333): CodeIgniter\CodeIgniter->handleRequest(NULL, Object(Config\Cache), false)
#7 /var/www/index.php(44): CodeIgniter\CodeIgniter->run()
#8 {main}
ERROR - 2023-02-11 08:28:19 --> Error connecting to the database: Call to undefined function CodeIgniter\Database\MySQLi\mysqli_init()
CRITICAL - 2023-02-11 08:28:19 --> Unable to connect to the database.
#0 /var/www/hdz/framework/Database/BaseConnection.php(618): CodeIgniter\Database\BaseConnection->initialize()
#1 /var/www/hdz/framework/Database/BaseBuilder.php(1866): CodeIgniter\Database\BaseConnection->query('SELECT *\nFROM `...', Array, false)
#2 /var/www/hdz/app/Libraries/Settings.php(20): CodeIgniter\Database\BaseBuilder->get()
#3 /var/www/hdz/app/Filters/UserAuth.php(22): App\Libraries\Settings->config('maintenance')
#4 /var/www/hdz/framework/Filters/Filters.php(181): App\Filters\UserAuth->before(Object(CodeIgniter\HTTP\IncomingRequest), NULL)
#5 /var/www/hdz/framework/CodeIgniter.php(403): CodeIgniter\Filters\Filters->run('/', 'before')
#6 /var/www/hdz/framework/CodeIgniter.php(333): CodeIgniter\CodeIgniter->handleRequest(NULL, Object(Config\Cache), false)
#7 /var/www/index.php(44): CodeIgniter\CodeIgniter->run()
#8 {main}
ERROR - 2023-02-11 08:28:20 --> Error connecting to the database: Call to undefined function CodeIgniter\Database\MySQLi\mysqli_init()
CRITICAL - 2023-02-11 08:28:20 --> Unable to connect to the database.
#0 /var/www/hdz/framework/Database/BaseConnection.php(618): CodeIgniter\Database\BaseConnection->initialize()
#1 /var/www/hdz/framework/Database/BaseBuilder.php(1866): CodeIgniter\Database\BaseConnection->query('SELECT *\nFROM `...', Array, false)
#2 /var/www/hdz/app/Libraries/Settings.php(20): CodeIgniter\Database\BaseBuilder->get()
#3 /var/www/hdz/app/Filters/UserAuth.php(22): App\Libraries\Settings->config('maintenance')
#4 /var/www/hdz/framework/Filters/Filters.php(181): App\Filters\UserAuth->before(Object(CodeIgniter\HTTP\IncomingRequest), NULL)
#5 /var/www/hdz/framework/CodeIgniter.php(403): CodeIgniter\Filters\Filters->run('/', 'before')
#6 /var/www/hdz/framework/CodeIgniter.php(333): CodeIgniter\CodeIgniter->handleRequest(NULL, Object(Config\Cache), false)
#7 /var/www/index.php(44): CodeIgniter\CodeIgniter->run()
#8 {main}
ERROR - 2023-02-11 08:28:39 --> Error connecting to the database: Call to undefined function CodeIgniter\Database\MySQLi\mysqli_init()
CRITICAL - 2023-02-11 08:28:39 --> Unable to connect to the database.
#0 /var/www/hdz/framework/Database/BaseConnection.php(618): CodeIgniter\Database\BaseConnection->initialize()
#1 /var/www/hdz/framework/Database/BaseBuilder.php(1866): CodeIgniter\Database\BaseConnection->query('SELECT *\nFROM `...', Array, false)
#2 /var/www/hdz/app/Libraries/Settings.php(20): CodeIgniter\Database\BaseBuilder->get()
#3 /var/www/hdz/app/Filters/UserAuth.php(22): App\Libraries\Settings->config('maintenance')
#4 /var/www/hdz/framework/Filters/Filters.php(181): App\Filters\UserAuth->before(Object(CodeIgniter\HTTP\IncomingRequest), NULL)
#5 /var/www/hdz/framework/CodeIgniter.php(403): CodeIgniter\Filters\Filters->run('/', 'before')
#6 /var/www/hdz/framework/CodeIgniter.php(333): CodeIgniter\CodeIgniter->handleRequest(NULL, Object(Config\Cache), false)
#7 /var/www/index.php(44): CodeIgniter\CodeIgniter->run()
#8 {main}
ERROR - 2023-02-11 08:29:46 --> Error connecting to the database: Call to undefined function CodeIgniter\Database\MySQLi\mysqli_init()
CRITICAL - 2023-02-11 08:29:46 --> Unable to connect to the database.
#0 /var/www/hdz/framework/Database/BaseConnection.php(618): CodeIgniter\Database\BaseConnection->initialize()
#1 /var/www/hdz/framework/Database/BaseBuilder.php(1866): CodeIgniter\Database\BaseConnection->query('SELECT *\nFROM `...', Array, false)
#2 /var/www/hdz/app/Libraries/Settings.php(20): CodeIgniter\Database\BaseBuilder->get()
#3 /var/www/hdz/app/Filters/UserAuth.php(22): App\Libraries\Settings->config('maintenance')
#4 /var/www/hdz/framework/Filters/Filters.php(181): App\Filters\UserAuth->before(Object(CodeIgniter\HTTP\IncomingRequest), NULL)
#5 /var/www/hdz/framework/CodeIgniter.php(403): CodeIgniter\Filters\Filters->run('/', 'before')
#6 /var/www/hdz/framework/CodeIgniter.php(333): CodeIgniter\CodeIgniter->handleRequest(NULL, Object(Config\Cache), false)
#7 /var/www/index.php(44): CodeIgniter\CodeIgniter->run()
#8 {main}
ERROR - 2023-02-11 08:29:55 --> Error connecting to the database: Call to undefined function CodeIgniter\Database\MySQLi\mysqli_init()
CRITICAL - 2023-02-11 08:29:55 --> Unable to connect to the database.
#0 /var/www/hdz/framework/Database/BaseConnection.php(618): CodeIgniter\Database\BaseConnection->initialize()
#1 /var/www/hdz/framework/Database/BaseBuilder.php(1866): CodeIgniter\Database\BaseConnection->query('SELECT *\nFROM `...', Array, false)
#2 /var/www/hdz/app/Libraries/Settings.php(20): CodeIgniter\Database\BaseBuilder->get()
#3 /var/www/hdz/app/Filters/UserAuth.php(22): App\Libraries\Settings->config('maintenance')
#4 /var/www/hdz/framework/Filters/Filters.php(181): App\Filters\UserAuth->before(Object(CodeIgniter\HTTP\IncomingRequest), NULL)
#5 /var/www/hdz/framework/CodeIgniter.php(403): CodeIgniter\Filters\Filters->run('/', 'before')
#6 /var/www/hdz/framework/CodeIgniter.php(333): CodeIgniter\CodeIgniter->handleRequest(NULL, Object(Config\Cache), false)
#7 /var/www/index.php(44): CodeIgniter\CodeIgniter->run()
#8 {main}
ERROR - 2023-02-11 08:29:56 --> Error connecting to the database: Call to undefined function CodeIgniter\Database\MySQLi\mysqli_init()
CRITICAL - 2023-02-11 08:29:56 --> Unable to connect to the database.
#0 /var/www/hdz/framework/Database/BaseConnection.php(618): CodeIgniter\Database\BaseConnection->initialize()
#1 /var/www/hdz/framework/Database/BaseBuilder.php(1866): CodeIgniter\Database\BaseConnection->query('SELECT *\nFROM `...', Array, false)
#2 /var/www/hdz/app/Libraries/Settings.php(20): CodeIgniter\Database\BaseBuilder->get()
#3 /var/www/hdz/app/Filters/UserAuth.php(22): App\Libraries\Settings->config('maintenance')
#4 /var/www/hdz/framework/Filters/Filters.php(181): App\Filters\UserAuth->before(Object(CodeIgniter\HTTP\IncomingRequest), NULL)
#5 /var/www/hdz/framework/CodeIgniter.php(403): CodeIgniter\Filters\Filters->run('/', 'before')
#6 /var/www/hdz/framework/CodeIgniter.php(333): CodeIgniter\CodeIgniter->handleRequest(NULL, Object(Config\Cache), false)
#7 /var/www/index.php(44): CodeIgniter\CodeIgniter->run()
#8 {main}
ERROR - 2023-02-11 08:29:57 --> Error connecting to the database: Call to undefined function CodeIgniter\Database\MySQLi\mysqli_init()
CRITICAL - 2023-02-11 08:29:57 --> Unable to connect to the database.
#0 /var/www/hdz/framework/Database/BaseConnection.php(618): CodeIgniter\Database\BaseConnection->initialize()
#1 /var/www/hdz/framework/Database/BaseBuilder.php(1866): CodeIgniter\Database\BaseConnection->query('SELECT *\nFROM `...', Array, false)
#2 /var/www/hdz/app/Libraries/Settings.php(20): CodeIgniter\Database\BaseBuilder->get()
#3 /var/www/hdz/app/Filters/UserAuth.php(22): App\Libraries\Settings->config('maintenance')
#4 /var/www/hdz/framework/Filters/Filters.php(181): App\Filters\UserAuth->before(Object(CodeIgniter\HTTP\IncomingRequest), NULL)
#5 /var/www/hdz/framework/CodeIgniter.php(403): CodeIgniter\Filters\Filters->run('/', 'before')
#6 /var/www/hdz/framework/CodeIgniter.php(333): CodeIgniter\CodeIgniter->handleRequest(NULL, Object(Config\Cache), false)
#7 /var/www/index.php(44): CodeIgniter\CodeIgniter->run()
#8 {main}
ERROR - 2023-02-11 08:30:12 --> Error connecting to the database: Call to undefined function CodeIgniter\Database\MySQLi\mysqli_init()
CRITICAL - 2023-02-11 08:30:12 --> Unable to connect to the database.
#0 /var/www/hdz/framework/Database/BaseConnection.php(618): CodeIgniter\Database\BaseConnection->initialize()
#1 /var/www/hdz/framework/Database/BaseBuilder.php(1866): CodeIgniter\Database\BaseConnection->query('SELECT *\nFROM `...', Array, false)
#2 /var/www/hdz/app/Libraries/Settings.php(20): CodeIgniter\Database\BaseBuilder->get()
#3 /var/www/hdz/app/Filters/UserAuth.php(22): App\Libraries\Settings->config('maintenance')
#4 /var/www/hdz/framework/Filters/Filters.php(181): App\Filters\UserAuth->before(Object(CodeIgniter\HTTP\IncomingRequest), NULL)
#5 /var/www/hdz/framework/CodeIgniter.php(403): CodeIgniter\Filters\Filters->run('/', 'before')
#6 /var/www/hdz/framework/CodeIgniter.php(333): CodeIgniter\CodeIgniter->handleRequest(NULL, Object(Config\Cache), false)
#7 /var/www/index.php(44): CodeIgniter\CodeIgniter->run()
#8 {main}
ERROR - 2023-02-11 08:30:13 --> Error connecting to the database: Call to undefined function CodeIgniter\Database\MySQLi\mysqli_init()
CRITICAL - 2023-02-11 08:30:13 --> Unable to connect to the database.
#0 /var/www/hdz/framework/Database/BaseConnection.php(618): CodeIgniter\Database\BaseConnection->initialize()
#1 /var/www/hdz/framework/Database/BaseBuilder.php(1866): CodeIgniter\Database\BaseConnection->query('SELECT *\nFROM `...', Array, false)
#2 /var/www/hdz/app/Libraries/Settings.php(20): CodeIgniter\Database\BaseBuilder->get()
#3 /var/www/hdz/app/Filters/UserAuth.php(22): App\Libraries\Settings->config('maintenance')
#4 /var/www/hdz/framework/Filters/Filters.php(181): App\Filters\UserAuth->before(Object(CodeIgniter\HTTP\IncomingRequest), NULL)
#5 /var/www/hdz/framework/CodeIgniter.php(403): CodeIgniter\Filters\Filters->run('/', 'before')
#6 /var/www/hdz/framework/CodeIgniter.php(333): CodeIgniter\CodeIgniter->handleRequest(NULL, Object(Config\Cache), false)
#7 /var/www/index.php(44): CodeIgniter\CodeIgniter->run()
#8 {main}
ERROR - 2023-02-11 08:30:14 --> Error connecting to the database: Call to undefined function CodeIgniter\Database\MySQLi\mysqli_init()
CRITICAL - 2023-02-11 08:30:14 --> Unable to connect to the database.
#0 /var/www/hdz/framework/Database/BaseConnection.php(618): CodeIgniter\Database\BaseConnection->initialize()
#1 /var/www/hdz/framework/Database/BaseBuilder.php(1866): CodeIgniter\Database\BaseConnection->query('SELECT *\nFROM `...', Array, false)
#2 /var/www/hdz/app/Libraries/Settings.php(20): CodeIgniter\Database\BaseBuilder->get()
#3 /var/www/hdz/app/Filters/UserAuth.php(22): App\Libraries\Settings->config('maintenance')
#4 /var/www/hdz/framework/Filters/Filters.php(181): App\Filters\UserAuth->before(Object(CodeIgniter\HTTP\IncomingRequest), NULL)
#5 /var/www/hdz/framework/CodeIgniter.php(403): CodeIgniter\Filters\Filters->run('/', 'before')
#6 /var/www/hdz/framework/CodeIgniter.php(333): CodeIgniter\CodeIgniter->handleRequest(NULL, Object(Config\Cache), false)
#7 /var/www/index.php(44): CodeIgniter\CodeIgniter->run()
#8 {main}
ERROR - 2023-02-11 08:30:14 --> Error connecting to the database: Call to undefined function CodeIgniter\Database\MySQLi\mysqli_init()
CRITICAL - 2023-02-11 08:30:14 --> Unable to connect to the database.
#0 /var/www/hdz/framework/Database/BaseConnection.php(618): CodeIgniter\Database\BaseConnection->initialize()
#1 /var/www/hdz/framework/Database/BaseBuilder.php(1866): CodeIgniter\Database\BaseConnection->query('SELECT *\nFROM `...', Array, false)
#2 /var/www/hdz/app/Libraries/Settings.php(20): CodeIgniter\Database\BaseBuilder->get()
#3 /var/www/hdz/app/Filters/UserAuth.php(22): App\Libraries\Settings->config('maintenance')
#4 /var/www/hdz/framework/Filters/Filters.php(181): App\Filters\UserAuth->before(Object(CodeIgniter\HTTP\IncomingRequest), NULL)
#5 /var/www/hdz/framework/CodeIgniter.php(403): CodeIgniter\Filters\Filters->run('/', 'before')
#6 /var/www/hdz/framework/CodeIgniter.php(333): CodeIgniter\CodeIgniter->handleRequest(NULL, Object(Config\Cache), false)
#7 /var/www/index.php(44): CodeIgniter\CodeIgniter->run()
#8 {main}
ERROR - 2023-02-11 08:31:06 --> Error connecting to the database: Call to undefined function CodeIgniter\Database\MySQLi\mysqli_init()
CRITICAL - 2023-02-11 08:31:06 --> Unable to connect to the database.
#0 /var/www/hdz/framework/Database/BaseConnection.php(618): CodeIgniter\Database\BaseConnection->initialize()
#1 /var/www/hdz/framework/Database/BaseBuilder.php(1866): CodeIgniter\Database\BaseConnection->query('SELECT *\nFROM `...', Array, false)
#2 /var/www/hdz/app/Libraries/Settings.php(20): CodeIgniter\Database\BaseBuilder->get()
#3 /var/www/hdz/app/Filters/UserAuth.php(22): App\Libraries\Settings->config('maintenance')
#4 /var/www/hdz/framework/Filters/Filters.php(181): App\Filters\UserAuth->before(Object(CodeIgniter\HTTP\IncomingRequest), NULL)
#5 /var/www/hdz/framework/CodeIgniter.php(403): CodeIgniter\Filters\Filters->run('/', 'before')
#6 /var/www/hdz/framework/CodeIgniter.php(333): CodeIgniter\CodeIgniter->handleRequest(NULL, Object(Config\Cache), false)
#7 /var/www/index.php(44): CodeIgniter\CodeIgniter->run()
#8 {main}
ERROR - 2023-02-11 08:31:26 --> Error connecting to the database: Call to undefined function CodeIgniter\Database\MySQLi\mysqli_init()
CRITICAL - 2023-02-11 08:31:26 --> Unable to connect to the database.
#0 /var/www/hdz/framework/Database/BaseConnection.php(618): CodeIgniter\Database\BaseConnection->initialize()
#1 /var/www/hdz/framework/Database/BaseBuilder.php(1866): CodeIgniter\Database\BaseConnection->query('SELECT *\nFROM `...', Array, false)
#2 /var/www/hdz/app/Libraries/Settings.php(20): CodeIgniter\Database\BaseBuilder->get()
#3 /var/www/hdz/app/Filters/UserAuth.php(22): App\Libraries\Settings->config('maintenance')
#4 /var/www/hdz/framework/Filters/Filters.php(181): App\Filters\UserAuth->before(Object(CodeIgniter\HTTP\IncomingRequest), NULL)
#5 /var/www/hdz/framework/CodeIgniter.php(403): CodeIgniter\Filters\Filters->run('/', 'before')
#6 /var/www/hdz/framework/CodeIgniter.php(333): CodeIgniter\CodeIgniter->handleRequest(NULL, Object(Config\Cache), false)
#7 /var/www/index.php(44): CodeIgniter\CodeIgniter->run()
#8 {main}
ERROR - 2023-02-11 08:31:46 --> Error connecting to the database: Call to undefined function CodeIgniter\Database\MySQLi\mysqli_init()
CRITICAL - 2023-02-11 08:31:46 --> Unable to connect to the database.
#0 /var/www/hdz/framework/Database/BaseConnection.php(618): CodeIgniter\Database\BaseConnection->initialize()
#1 /var/www/hdz/framework/Database/BaseBuilder.php(1866): CodeIgniter\Database\BaseConnection->query('SELECT *\nFROM `...', Array, false)
#2 /var/www/hdz/app/Libraries/Settings.php(20): CodeIgniter\Database\BaseBuilder->get()
#3 /var/www/hdz/app/Filters/UserAuth.php(22): App\Libraries\Settings->config('maintenance')
#4 /var/www/hdz/framework/Filters/Filters.php(181): App\Filters\UserAuth->before(Object(CodeIgniter\HTTP\IncomingRequest), NULL)
#5 /var/www/hdz/framework/CodeIgniter.php(403): CodeIgniter\Filters\Filters->run('/', 'before')
#6 /var/www/hdz/framework/CodeIgniter.php(333): CodeIgniter\CodeIgniter->handleRequest(NULL, Object(Config\Cache), false)
#7 /var/www/index.php(44): CodeIgniter\CodeIgniter->run()
#8 {main}
ERROR - 2023-02-11 08:31:47 --> Error connecting to the database: Call to undefined function CodeIgniter\Database\MySQLi\mysqli_init()
CRITICAL - 2023-02-11 08:31:47 --> Unable to connect to the database.
#0 /var/www/hdz/framework/Database/BaseConnection.php(618): CodeIgniter\Database\BaseConnection->initialize()
#1 /var/www/hdz/framework/Database/BaseBuilder.php(1866): CodeIgniter\Database\BaseConnection->query('SELECT *\nFROM `...', Array, false)
#2 /var/www/hdz/app/Libraries/Settings.php(20): CodeIgniter\Database\BaseBuilder->get()
#3 /var/www/hdz/app/Filters/UserAuth.php(22): App\Libraries\Settings->config('maintenance')
#4 /var/www/hdz/framework/Filters/Filters.php(181): App\Filters\UserAuth->before(Object(CodeIgniter\HTTP\IncomingRequest), NULL)
#5 /var/www/hdz/framework/CodeIgniter.php(403): CodeIgniter\Filters\Filters->run('/', 'before')
#6 /var/www/hdz/framework/CodeIgniter.php(333): CodeIgniter\CodeIgniter->handleRequest(NULL, Object(Config\Cache), false)
#7 /var/www/index.php(44): CodeIgniter\CodeIgniter->run()
#8 {main}
ERROR - 2023-02-11 08:31:48 --> Error connecting to the database: Call to undefined function CodeIgniter\Database\MySQLi\mysqli_init()
CRITICAL - 2023-02-11 08:31:48 --> Unable to connect to the database.
#0 /var/www/hdz/framework/Database/BaseConnection.php(618): CodeIgniter\Database\BaseConnection->initialize()
#1 /var/www/hdz/framework/Database/BaseBuilder.php(1866): CodeIgniter\Database\BaseConnection->query('SELECT *\nFROM `...', Array, false)
#2 /var/www/hdz/app/Libraries/Settings.php(20): CodeIgniter\Database\BaseBuilder->get()
#3 /var/www/hdz/app/Filters/UserAuth.php(22): App\Libraries\Settings->config('maintenance')
#4 /var/www/hdz/framework/Filters/Filters.php(181): App\Filters\UserAuth->before(Object(CodeIgniter\HTTP\IncomingRequest), NULL)
#5 /var/www/hdz/framework/CodeIgniter.php(403): CodeIgniter\Filters\Filters->run('/', 'before')
#6 /var/www/hdz/framework/CodeIgniter.php(333): CodeIgniter\CodeIgniter->handleRequest(NULL, Object(Config\Cache), false)
#7 /var/www/index.php(44): CodeIgniter\CodeIgniter->run()
#8 {main}
ERROR - 2023-02-11 08:32:46 --> Error connecting to the database: Call to undefined function CodeIgniter\Database\MySQLi\mysqli_init()
CRITICAL - 2023-02-11 08:32:46 --> Unable to connect to the database.
#0 /var/www/hdz/framework/Database/BaseConnection.php(618): CodeIgniter\Database\BaseConnection->initialize()
#1 /var/www/hdz/framework/Database/BaseBuilder.php(1866): CodeIgniter\Database\BaseConnection->query('SELECT *\nFROM `...', Array, false)
#2 /var/www/hdz/app/Libraries/Settings.php(20): CodeIgniter\Database\BaseBuilder->get()
#3 /var/www/hdz/app/Filters/UserAuth.php(22): App\Libraries\Settings->config('maintenance')
#4 /var/www/hdz/framework/Filters/Filters.php(181): App\Filters\UserAuth->before(Object(CodeIgniter\HTTP\IncomingRequest), NULL)
#5 /var/www/hdz/framework/CodeIgniter.php(403): CodeIgniter\Filters\Filters->run('/', 'before')
#6 /var/www/hdz/framework/CodeIgniter.php(333): CodeIgniter\CodeIgniter->handleRequest(NULL, Object(Config\Cache), false)
#7 /var/www/index.php(44): CodeIgniter\CodeIgniter->run()
#8 {main}
ERROR - 2023-02-11 08:32:48 --> Error connecting to the database: Call to undefined function CodeIgniter\Database\MySQLi\mysqli_init()
CRITICAL - 2023-02-11 08:32:48 --> Unable to connect to the database.
#0 /var/www/hdz/framework/Database/BaseConnection.php(618): CodeIgniter\Database\BaseConnection->initialize()
#1 /var/www/hdz/framework/Database/BaseBuilder.php(1866): CodeIgniter\Database\BaseConnection->query('SELECT *\nFROM `...', Array, false)
#2 /var/www/hdz/app/Libraries/Settings.php(20): CodeIgniter\Database\BaseBuilder->get()
#3 /var/www/hdz/app/Filters/UserAuth.php(22): App\Libraries\Settings->config('maintenance')
#4 /var/www/hdz/framework/Filters/Filters.php(181): App\Filters\UserAuth->before(Object(CodeIgniter\HTTP\IncomingRequest), NULL)
#5 /var/www/hdz/framework/CodeIgniter.php(403): CodeIgniter\Filters\Filters->run('/', 'before')
#6 /var/www/hdz/framework/CodeIgniter.php(333): CodeIgniter\CodeIgniter->handleRequest(NULL, Object(Config\Cache), false)
#7 /var/www/index.php(44): CodeIgniter\CodeIgniter->run()
#8 {main}
ERROR - 2023-02-11 08:37:52 --> Error connecting to the database: Call to undefined function CodeIgniter\Database\MySQLi\mysqli_init()
CRITICAL - 2023-02-11 08:37:52 --> Unable to connect to the database.
#0 /var/www/hdz/framework/Database/BaseConnection.php(618): CodeIgniter\Database\BaseConnection->initialize()
#1 /var/www/hdz/framework/Database/BaseBuilder.php(1866): CodeIgniter\Database\BaseConnection->query('SELECT *\nFROM `...', Array, false)
#2 /var/www/hdz/app/Libraries/Settings.php(20): CodeIgniter\Database\BaseBuilder->get()
#3 /var/www/hdz/app/Filters/UserAuth.php(22): App\Libraries\Settings->config('maintenance')
#4 /var/www/hdz/framework/Filters/Filters.php(181): App\Filters\UserAuth->before(Object(CodeIgniter\HTTP\IncomingRequest), NULL)
#5 /var/www/hdz/framework/CodeIgniter.php(403): CodeIgniter\Filters\Filters->run('/', 'before')
#6 /var/www/hdz/framework/CodeIgniter.php(333): CodeIgniter\CodeIgniter->handleRequest(NULL, Object(Config\Cache), false)
#7 /var/www/index.php(44): CodeIgniter\CodeIgniter->run()
#8 {main}
ERROR - 2023-02-11 08:37:54 --> Error connecting to the database: Call to undefined function CodeIgniter\Database\MySQLi\mysqli_init()
CRITICAL - 2023-02-11 08:37:54 --> Unable to connect to the database.
#0 /var/www/hdz/framework/Database/BaseConnection.php(618): CodeIgniter\Database\BaseConnection->initialize()
#1 /var/www/hdz/framework/Database/BaseBuilder.php(1866): CodeIgniter\Database\BaseConnection->query('SELECT *\nFROM `...', Array, false)
#2 /var/www/hdz/app/Libraries/Settings.php(20): CodeIgniter\Database\BaseBuilder->get()
#3 /var/www/hdz/app/Filters/UserAuth.php(22): App\Libraries\Settings->config('maintenance')
#4 /var/www/hdz/framework/Filters/Filters.php(181): App\Filters\UserAuth->before(Object(CodeIgniter\HTTP\IncomingRequest), NULL)
#5 /var/www/hdz/framework/CodeIgniter.php(403): CodeIgniter\Filters\Filters->run('/', 'before')
#6 /var/www/hdz/framework/CodeIgniter.php(333): CodeIgniter\CodeIgniter->handleRequest(NULL, Object(Config\Cache), false)
#7 /var/www/index.php(44): CodeIgniter\CodeIgniter->run()
#8 {main}
ERROR - 2023-02-11 08:39:01 --> Error connecting to the database: Call to undefined function CodeIgniter\Database\MySQLi\mysqli_init()
CRITICAL - 2023-02-11 08:39:01 --> Unable to connect to the database.
#0 /var/www/hdz/framework/Database/BaseConnection.php(618): CodeIgniter\Database\BaseConnection->initialize()
#1 /var/www/hdz/framework/Database/BaseBuilder.php(1866): CodeIgniter\Database\BaseConnection->query('SELECT *\nFROM `...', Array, false)
#2 /var/www/hdz/app/Libraries/Settings.php(20): CodeIgniter\Database\BaseBuilder->get()
#3 /var/www/hdz/app/Filters/UserAuth.php(22): App\Libraries\Settings->config('maintenance')
#4 /var/www/hdz/framework/Filters/Filters.php(181): App\Filters\UserAuth->before(Object(CodeIgniter\HTTP\IncomingRequest), NULL)
#5 /var/www/hdz/framework/CodeIgniter.php(403): CodeIgniter\Filters\Filters->run('/', 'before')
#6 /var/www/hdz/framework/CodeIgniter.php(333): CodeIgniter\CodeIgniter->handleRequest(NULL, Object(Config\Cache), false)
#7 /var/www/index.php(44): CodeIgniter\CodeIgniter->run()
#8 {main}
ERROR - 2023-02-11 08:39:06 --> Error connecting to the database: Call to undefined function CodeIgniter\Database\MySQLi\mysqli_init()
CRITICAL - 2023-02-11 08:39:06 --> Unable to connect to the database.
#0 /var/www/hdz/framework/Database/BaseConnection.php(618): CodeIgniter\Database\BaseConnection->initialize()
#1 /var/www/hdz/framework/Database/BaseBuilder.php(1866): CodeIgniter\Database\BaseConnection->query('SELECT *\nFROM `...', Array, false)
#2 /var/www/hdz/app/Libraries/Settings.php(20): CodeIgniter\Database\BaseBuilder->get()
#3 /var/www/hdz/app/Filters/UserAuth.php(22): App\Libraries\Settings->config('maintenance')
#4 /var/www/hdz/framework/Filters/Filters.php(181): App\Filters\UserAuth->before(Object(CodeIgniter\HTTP\IncomingRequest), NULL)
#5 /var/www/hdz/framework/CodeIgniter.php(403): CodeIgniter\Filters\Filters->run('/', 'before')
#6 /var/www/hdz/framework/CodeIgniter.php(333): CodeIgniter\CodeIgniter->handleRequest(NULL, Object(Config\Cache), false)
#7 /var/www/index.php(44): CodeIgniter\CodeIgniter->run()
#8 {main}
ERROR - 2023-02-11 08:39:22 --> Error connecting to the database: Call to undefined function CodeIgniter\Database\MySQLi\mysqli_init()
CRITICAL - 2023-02-11 08:39:22 --> Unable to connect to the database.
#0 /var/www/hdz/framework/Database/BaseConnection.php(618): CodeIgniter\Database\BaseConnection->initialize()
#1 /var/www/hdz/framework/Database/BaseBuilder.php(1866): CodeIgniter\Database\BaseConnection->query('SELECT *\nFROM `...', Array, false)
#2 /var/www/hdz/app/Libraries/Settings.php(20): CodeIgniter\Database\BaseBuilder->get()
#3 /var/www/hdz/app/Filters/UserAuth.php(22): App\Libraries\Settings->config('maintenance')
#4 /var/www/hdz/framework/Filters/Filters.php(181): App\Filters\UserAuth->before(Object(CodeIgniter\HTTP\IncomingRequest), NULL)
#5 /var/www/hdz/framework/CodeIgniter.php(403): CodeIgniter\Filters\Filters->run('/', 'before')
#6 /var/www/hdz/framework/CodeIgniter.php(333): CodeIgniter\CodeIgniter->handleRequest(NULL, Object(Config\Cache), false)
#7 /var/www/index.php(44): CodeIgniter\CodeIgniter->run()
#8 {main}
ERROR - 2023-02-11 08:40:10 --> Error connecting to the database: Call to undefined function CodeIgniter\Database\MySQLi\mysqli_init()
CRITICAL - 2023-02-11 08:40:10 --> Unable to connect to the database.
#0 /var/www/hdz/framework/Database/BaseConnection.php(618): CodeIgniter\Database\BaseConnection->initialize()
#1 /var/www/hdz/framework/Database/BaseBuilder.php(1866): CodeIgniter\Database\BaseConnection->query('SELECT *\nFROM `...', Array, false)
#2 /var/www/hdz/app/Libraries/Settings.php(20): CodeIgniter\Database\BaseBuilder->get()
#3 /var/www/hdz/app/Filters/UserAuth.php(22): App\Libraries\Settings->config('maintenance')
#4 /var/www/hdz/framework/Filters/Filters.php(181): App\Filters\UserAuth->before(Object(CodeIgniter\HTTP\IncomingRequest), NULL)
#5 /var/www/hdz/framework/CodeIgniter.php(403): CodeIgniter\Filters\Filters->run('/', 'before')
#6 /var/www/hdz/framework/CodeIgniter.php(333): CodeIgniter\CodeIgniter->handleRequest(NULL, Object(Config\Cache), false)
#7 /var/www/index.php(44): CodeIgniter\CodeIgniter->run()
#8 {main}
ERROR - 2023-02-11 08:41:02 --> Error connecting to the database: Call to undefined function CodeIgniter\Database\MySQLi\mysqli_init()
CRITICAL - 2023-02-11 08:41:02 --> Unable to connect to the database.
#0 /var/www/hdz/framework/Database/BaseConnection.php(618): CodeIgniter\Database\BaseConnection->initialize()
#1 /var/www/hdz/framework/Database/BaseBuilder.php(1866): CodeIgniter\Database\BaseConnection->query('SELECT *\nFROM `...', Array, false)
#2 /var/www/hdz/app/Libraries/Settings.php(20): CodeIgniter\Database\BaseBuilder->get()
#3 /var/www/hdz/app/Filters/UserAuth.php(22): App\Libraries\Settings->config('maintenance')
#4 /var/www/hdz/framework/Filters/Filters.php(181): App\Filters\UserAuth->before(Object(CodeIgniter\HTTP\IncomingRequest), NULL)
#5 /var/www/hdz/framework/CodeIgniter.php(403): CodeIgniter\Filters\Filters->run('/', 'before')
#6 /var/www/hdz/framework/CodeIgniter.php(333): CodeIgniter\CodeIgniter->handleRequest(NULL, Object(Config\Cache), false)
#7 /var/www/index.php(44): CodeIgniter\CodeIgniter->run()
#8 {main}
ERROR - 2023-02-11 08:41:03 --> Error connecting to the database: Call to undefined function CodeIgniter\Database\MySQLi\mysqli_init()
CRITICAL - 2023-02-11 08:41:03 --> Unable to connect to the database.
#0 /var/www/hdz/framework/Database/BaseConnection.php(618): CodeIgniter\Database\BaseConnection->initialize()
#1 /var/www/hdz/framework/Database/BaseBuilder.php(1866): CodeIgniter\Database\BaseConnection->query('SELECT *\nFROM `...', Array, false)
#2 /var/www/hdz/app/Libraries/Settings.php(20): CodeIgniter\Database\BaseBuilder->get()
#3 /var/www/hdz/app/Filters/UserAuth.php(22): App\Libraries\Settings->config('maintenance')
#4 /var/www/hdz/framework/Filters/Filters.php(181): App\Filters\UserAuth->before(Object(CodeIgniter\HTTP\IncomingRequest), NULL)
#5 /var/www/hdz/framework/CodeIgniter.php(403): CodeIgniter\Filters\Filters->run('/', 'before')
#6 /var/www/hdz/framework/CodeIgniter.php(333): CodeIgniter\CodeIgniter->handleRequest(NULL, Object(Config\Cache), false)
#7 /var/www/index.php(44): CodeIgniter\CodeIgniter->run()
#8 {main}
ERROR - 2023-02-11 08:41:53 --> Error connecting to the database: Call to undefined function CodeIgniter\Database\MySQLi\mysqli_init()
CRITICAL - 2023-02-11 08:41:53 --> Unable to connect to the database.
#0 /var/www/hdz/framework/Database/BaseConnection.php(618): CodeIgniter\Database\BaseConnection->initialize()
#1 /var/www/hdz/framework/Database/BaseBuilder.php(1866): CodeIgniter\Database\BaseConnection->query('SELECT *\nFROM `...', Array, false)
#2 /var/www/hdz/app/Libraries/Settings.php(20): CodeIgniter\Database\BaseBuilder->get()
#3 /var/www/hdz/app/Filters/UserAuth.php(22): App\Libraries\Settings->config('maintenance')
#4 /var/www/hdz/framework/Filters/Filters.php(181): App\Filters\UserAuth->before(Object(CodeIgniter\HTTP\IncomingRequest), NULL)
#5 /var/www/hdz/framework/CodeIgniter.php(403): CodeIgniter\Filters\Filters->run('/', 'before')
#6 /var/www/hdz/framework/CodeIgniter.php(333): CodeIgniter\CodeIgniter->handleRequest(NULL, Object(Config\Cache), false)
#7 /var/www/index.php(44): CodeIgniter\CodeIgniter->run()
#8 {main}
ERROR - 2023-02-11 08:42:06 --> Error connecting to the database: Call to undefined function CodeIgniter\Database\MySQLi\mysqli_init()
CRITICAL - 2023-02-11 08:42:06 --> Unable to connect to the database.
#0 /var/www/hdz/framework/Database/BaseConnection.php(618): CodeIgniter\Database\BaseConnection->initialize()
#1 /var/www/hdz/framework/Database/BaseBuilder.php(1866): CodeIgniter\Database\BaseConnection->query('SELECT *\nFROM `...', Array, false)
#2 /var/www/hdz/app/Libraries/Settings.php(20): CodeIgniter\Database\BaseBuilder->get()
#3 /var/www/hdz/app/Filters/UserAuth.php(22): App\Libraries\Settings->config('maintenance')
#4 /var/www/hdz/framework/Filters/Filters.php(181): App\Filters\UserAuth->before(Object(CodeIgniter\HTTP\IncomingRequest), NULL)
#5 /var/www/hdz/framework/CodeIgniter.php(403): CodeIgniter\Filters\Filters->run('/', 'before')
#6 /var/www/hdz/framework/CodeIgniter.php(333): CodeIgniter\CodeIgniter->handleRequest(NULL, Object(Config\Cache), false)
#7 /var/www/index.php(44): CodeIgniter\CodeIgniter->run()
#8 {main}
ERROR - 2023-02-11 08:44:17 --> Error connecting to the database: Call to undefined function CodeIgniter\Database\MySQLi\mysqli_init()
CRITICAL - 2023-02-11 08:44:17 --> Unable to connect to the database.
#0 /var/www/hdz/framework/Database/BaseConnection.php(618): CodeIgniter\Database\BaseConnection->initialize()
#1 /var/www/hdz/framework/Database/BaseBuilder.php(1866): CodeIgniter\Database\BaseConnection->query('SELECT *\nFROM `...', Array, false)
#2 /var/www/hdz/app/Libraries/Settings.php(20): CodeIgniter\Database\BaseBuilder->get()
#3 /var/www/hdz/app/Filters/UserAuth.php(22): App\Libraries\Settings->config('maintenance')
#4 /var/www/hdz/framework/Filters/Filters.php(181): App\Filters\UserAuth->before(Object(CodeIgniter\HTTP\IncomingRequest), NULL)
#5 /var/www/hdz/framework/CodeIgniter.php(403): CodeIgniter\Filters\Filters->run('/', 'before')
#6 /var/www/hdz/framework/CodeIgniter.php(333): CodeIgniter\CodeIgniter->handleRequest(NULL, Object(Config\Cache), false)
#7 /var/www/index.php(44): CodeIgniter\CodeIgniter->run()
#8 {main}
ERROR - 2023-02-11 08:44:19 --> Error connecting to the database: Call to undefined function CodeIgniter\Database\MySQLi\mysqli_init()
CRITICAL - 2023-02-11 08:44:19 --> Unable to connect to the database.
#0 /var/www/hdz/framework/Database/BaseConnection.php(618): CodeIgniter\Database\BaseConnection->initialize()
#1 /var/www/hdz/framework/Database/BaseBuilder.php(1866): CodeIgniter\Database\BaseConnection->query('SELECT *\nFROM `...', Array, false)
#2 /var/www/hdz/app/Libraries/Settings.php(20): CodeIgniter\Database\BaseBuilder->get()
#3 /var/www/hdz/app/Filters/UserAuth.php(22): App\Libraries\Settings->config('maintenance')
#4 /var/www/hdz/framework/Filters/Filters.php(181): App\Filters\UserAuth->before(Object(CodeIgniter\HTTP\IncomingRequest), NULL)
#5 /var/www/hdz/framework/CodeIgniter.php(403): CodeIgniter\Filters\Filters->run('/', 'before')
#6 /var/www/hdz/framework/CodeIgniter.php(333): CodeIgniter\CodeIgniter->handleRequest(NULL, Object(Config\Cache), false)
#7 /var/www/index.php(44): CodeIgniter\CodeIgniter->run()
#8 {main}
ERROR - 2023-02-11 08:44:54 --> Error connecting to the database: Call to undefined function CodeIgniter\Database\MySQLi\mysqli_init()
CRITICAL - 2023-02-11 08:44:54 --> Unable to connect to the database.
#0 /var/www/hdz/framework/Database/BaseConnection.php(618): CodeIgniter\Database\BaseConnection->initialize()
#1 /var/www/hdz/framework/Database/BaseBuilder.php(1866): CodeIgniter\Database\BaseConnection->query('SELECT *\nFROM `...', Array, false)
#2 /var/www/hdz/app/Libraries/Settings.php(20): CodeIgniter\Database\BaseBuilder->get()
#3 /var/www/hdz/app/Filters/UserAuth.php(22): App\Libraries\Settings->config('maintenance')
#4 /var/www/hdz/framework/Filters/Filters.php(181): App\Filters\UserAuth->before(Object(CodeIgniter\HTTP\IncomingRequest), NULL)
#5 /var/www/hdz/framework/CodeIgniter.php(403): CodeIgniter\Filters\Filters->run('/', 'before')
#6 /var/www/hdz/framework/CodeIgniter.php(333): CodeIgniter\CodeIgniter->handleRequest(NULL, Object(Config\Cache), false)
#7 /var/www/index.php(44): CodeIgniter\CodeIgniter->run()
#8 {main}
ERROR - 2023-02-11 08:44:57 --> Error connecting to the database: Call to undefined function CodeIgniter\Database\MySQLi\mysqli_init()
CRITICAL - 2023-02-11 08:44:57 --> Unable to connect to the database.
#0 /var/www/hdz/framework/Database/BaseConnection.php(619): CodeIgniter\Database\BaseConnection->initialize()
#1 /var/www/hdz/framework/Database/BaseBuilder.php(1866): CodeIgniter\Database\BaseConnection->query('SELECT *\nFROM `...', Array, false)
#2 /var/www/hdz/app/Libraries/Settings.php(20): CodeIgniter\Database\BaseBuilder->get()
#3 /var/www/hdz/app/Filters/UserAuth.php(22): App\Libraries\Settings->config('maintenance')
#4 /var/www/hdz/framework/Filters/Filters.php(181): App\Filters\UserAuth->before(Object(CodeIgniter\HTTP\IncomingRequest), NULL)
#5 /var/www/hdz/framework/CodeIgniter.php(403): CodeIgniter\Filters\Filters->run('/', 'before')
#6 /var/www/hdz/framework/CodeIgniter.php(333): CodeIgniter\CodeIgniter->handleRequest(NULL, Object(Config\Cache), false)
#7 /var/www/index.php(44): CodeIgniter\CodeIgniter->run()
#8 {main}
ERROR - 2023-02-11 08:44:58 --> Error connecting to the database: Call to undefined function CodeIgniter\Database\MySQLi\mysqli_init()
CRITICAL - 2023-02-11 08:44:58 --> Unable to connect to the database.
#0 /var/www/hdz/framework/Database/BaseConnection.php(619): CodeIgniter\Database\BaseConnection->initialize()
#1 /var/www/hdz/framework/Database/BaseBuilder.php(1866): CodeIgniter\Database\BaseConnection->query('SELECT *\nFROM `...', Array, false)
#2 /var/www/hdz/app/Libraries/Settings.php(20): CodeIgniter\Database\BaseBuilder->get()
#3 /var/www/hdz/app/Filters/UserAuth.php(22): App\Libraries\Settings->config('maintenance')
#4 /var/www/hdz/framework/Filters/Filters.php(181): App\Filters\UserAuth->before(Object(CodeIgniter\HTTP\IncomingRequest), NULL)
#5 /var/www/hdz/framework/CodeIgniter.php(403): CodeIgniter\Filters\Filters->run('/', 'before')
#6 /var/www/hdz/framework/CodeIgniter.php(333): CodeIgniter\CodeIgniter->handleRequest(NULL, Object(Config\Cache), false)
#7 /var/www/index.php(44): CodeIgniter\CodeIgniter->run()
#8 {main}
ERROR - 2023-02-11 08:45:29 --> Error connecting to the database: Call to undefined function CodeIgniter\Database\MySQLi\mysqli_init()
CRITICAL - 2023-02-11 08:45:29 --> Unable to connect to the database.
#0 /var/www/hdz/framework/Database/BaseConnection.php(618): CodeIgniter\Database\BaseConnection->initialize()
#1 /var/www/hdz/framework/Database/BaseBuilder.php(1866): CodeIgniter\Database\BaseConnection->query('SELECT *\nFROM `...', Array, false)
#2 /var/www/hdz/app/Libraries/Settings.php(20): CodeIgniter\Database\BaseBuilder->get()
#3 /var/www/hdz/app/Filters/UserAuth.php(22): App\Libraries\Settings->config('maintenance')
#4 /var/www/hdz/framework/Filters/Filters.php(181): App\Filters\UserAuth->before(Object(CodeIgniter\HTTP\IncomingRequest), NULL)
#5 /var/www/hdz/framework/CodeIgniter.php(403): CodeIgniter\Filters\Filters->run('/', 'before')
#6 /var/www/hdz/framework/CodeIgniter.php(333): CodeIgniter\CodeIgniter->handleRequest(NULL, Object(Config\Cache), false)
#7 /var/www/index.php(44): CodeIgniter\CodeIgniter->run()
#8 {main}
ERROR - 2023-02-11 08:46:09 --> Error connecting to the database: Call to undefined function CodeIgniter\Database\MySQLi\mysqli_init()
CRITICAL - 2023-02-11 08:46:09 --> Unable to connect to the database.
#0 /var/www/hdz/framework/Database/BaseConnection.php(618): CodeIgniter\Database\BaseConnection->initialize()
#1 /var/www/hdz/framework/Database/BaseBuilder.php(1866): CodeIgniter\Database\BaseConnection->query('SELECT *\nFROM `...', Array, false)
#2 /var/www/hdz/app/Libraries/Settings.php(20): CodeIgniter\Database\BaseBuilder->get()
#3 /var/www/hdz/app/Filters/UserAuth.php(22): App\Libraries\Settings->config('maintenance')
#4 /var/www/hdz/framework/Filters/Filters.php(181): App\Filters\UserAuth->before(Object(CodeIgniter\HTTP\IncomingRequest), NULL)
#5 /var/www/hdz/framework/CodeIgniter.php(403): CodeIgniter\Filters\Filters->run('/', 'before')
#6 /var/www/hdz/framework/CodeIgniter.php(333): CodeIgniter\CodeIgniter->handleRequest(NULL, Object(Config\Cache), false)
#7 /var/www/index.php(44): CodeIgniter\CodeIgniter->run()
#8 {main}
ERROR - 2023-02-11 08:46:11 --> Error connecting to the database: Call to undefined function CodeIgniter\Database\MySQLi\mysqli_init()
CRITICAL - 2023-02-11 08:46:11 --> Unable to connect to the database.
#0 /var/www/hdz/framework/Database/BaseConnection.php(618): CodeIgniter\Database\BaseConnection->initialize()
#1 /var/www/hdz/framework/Database/BaseBuilder.php(1866): CodeIgniter\Database\BaseConnection->query('SELECT *\nFROM `...', Array, false)
#2 /var/www/hdz/app/Libraries/Settings.php(20): CodeIgniter\Database\BaseBuilder->get()
#3 /var/www/hdz/app/Filters/UserAuth.php(22): App\Libraries\Settings->config('maintenance')
#4 /var/www/hdz/framework/Filters/Filters.php(181): App\Filters\UserAuth->before(Object(CodeIgniter\HTTP\IncomingRequest), NULL)
#5 /var/www/hdz/framework/CodeIgniter.php(403): CodeIgniter\Filters\Filters->run('/', 'before')
#6 /var/www/hdz/framework/CodeIgniter.php(333): CodeIgniter\CodeIgniter->handleRequest(NULL, Object(Config\Cache), false)
#7 /var/www/index.php(44): CodeIgniter\CodeIgniter->run()
#8 {main}
ERROR - 2023-02-11 08:46:37 --> Error connecting to the database: Call to undefined function CodeIgniter\Database\MySQLi\mysqli_init()
CRITICAL - 2023-02-11 08:46:37 --> Unable to connect to the database.
#0 /var/www/hdz/framework/Database/BaseConnection.php(619): CodeIgniter\Database\BaseConnection->initialize()
#1 /var/www/hdz/framework/Database/BaseBuilder.php(1866): CodeIgniter\Database\BaseConnection->query('SELECT *\nFROM `...', Array, false)
#2 /var/www/hdz/app/Libraries/Settings.php(20): CodeIgniter\Database\BaseBuilder->get()
#3 /var/www/hdz/app/Filters/UserAuth.php(22): App\Libraries\Settings->config('maintenance')
#4 /var/www/hdz/framework/Filters/Filters.php(181): App\Filters\UserAuth->before(Object(CodeIgniter\HTTP\IncomingRequest), NULL)
#5 /var/www/hdz/framework/CodeIgniter.php(403): CodeIgniter\Filters\Filters->run('/', 'before')
#6 /var/www/hdz/framework/CodeIgniter.php(333): CodeIgniter\CodeIgniter->handleRequest(NULL, Object(Config\Cache), false)
#7 /var/www/index.php(44): CodeIgniter\CodeIgniter->run()
#8 {main}
CRITICAL - 2023-02-11 08:47:00 --> Call to undefined function CodeIgniter\Database\MySQLi\mysqli_init()
#0 /var/www/hdz/framework/Database/BaseConnection.php(345): CodeIgniter\Database\MySQLi\Connection->connect(false)
#1 /var/www/hdz/framework/Database/BaseConnection.php(619): CodeIgniter\Database\BaseConnection->initialize()
#2 /var/www/hdz/framework/Database/BaseBuilder.php(1866): CodeIgniter\Database\BaseConnection->query('SELECT *\nFROM `...', Array, false)
#3 /var/www/hdz/app/Libraries/Settings.php(20): CodeIgniter\Database\BaseBuilder->get()
#4 /var/www/hdz/app/Filters/UserAuth.php(22): App\Libraries\Settings->config('maintenance')
#5 /var/www/hdz/framework/Filters/Filters.php(181): App\Filters\UserAuth->before(Object(CodeIgniter\HTTP\IncomingRequest), NULL)
#6 /var/www/hdz/framework/CodeIgniter.php(403): CodeIgniter\Filters\Filters->run('/', 'before')
#7 /var/www/hdz/framework/CodeIgniter.php(333): CodeIgniter\CodeIgniter->handleRequest(NULL, Object(Config\Cache), false)
#8 /var/www/index.php(44): CodeIgniter\CodeIgniter->run()
#9 {main}
CRITICAL - 2023-02-11 09:24:28 --> Connection refused
#0 /var/www/hdz/framework/Database/BaseConnection.php(345): CodeIgniter\Database\MySQLi\Connection->connect(false)
#1 /var/www/hdz/framework/Database/BaseConnection.php(619): CodeIgniter\Database\BaseConnection->initialize()
#2 /var/www/hdz/framework/Database/BaseBuilder.php(1866): CodeIgniter\Database\BaseConnection->query('SELECT *\nFROM `...', Array, false)
#3 /var/www/hdz/app/Libraries/Settings.php(20): CodeIgniter\Database\BaseBuilder->get()
#4 /var/www/hdz/app/Filters/UserAuth.php(22): App\Libraries\Settings->config('maintenance')
#5 /var/www/hdz/framework/Filters/Filters.php(181): App\Filters\UserAuth->before(Object(CodeIgniter\HTTP\IncomingRequest), NULL)
#6 /var/www/hdz/framework/CodeIgniter.php(403): CodeIgniter\Filters\Filters->run('/', 'before')
#7 /var/www/hdz/framework/CodeIgniter.php(333): CodeIgniter\CodeIgniter->handleRequest(NULL, Object(Config\Cache), false)
#8 /var/www/index.php(44): CodeIgniter\CodeIgniter->run()
#9 {main}
ERROR - 2023-02-11 09:24:54 --> Error connecting to the database: Connection refused
CRITICAL - 2023-02-11 09:24:54 --> Unable to connect to the database.
#0 /var/www/hdz/framework/Database/BaseConnection.php(618): CodeIgniter\Database\BaseConnection->initialize()
#1 /var/www/hdz/framework/Database/BaseBuilder.php(1866): CodeIgniter\Database\BaseConnection->query('SELECT *\nFROM `...', Array, false)
#2 /var/www/hdz/app/Libraries/Settings.php(20): CodeIgniter\Database\BaseBuilder->get()
#3 /var/www/hdz/app/Filters/UserAuth.php(22): App\Libraries\Settings->config('maintenance')
#4 /var/www/hdz/framework/Filters/Filters.php(181): App\Filters\UserAuth->before(Object(CodeIgniter\HTTP\IncomingRequest), NULL)
#5 /var/www/hdz/framework/CodeIgniter.php(403): CodeIgniter\Filters\Filters->run('/', 'before')
#6 /var/www/hdz/framework/CodeIgniter.php(333): CodeIgniter\CodeIgniter->handleRequest(NULL, Object(Config\Cache), false)
#7 /var/www/index.php(44): CodeIgniter\CodeIgniter->run()
#8 {main}
CRITICAL - 2023-02-11 09:25:01 --> Connection refused
#0 /var/www/hdz/framework/Database/BaseConnection.php(345): CodeIgniter\Database\MySQLi\Connection->connect(false)
#1 /var/www/hdz/framework/Database/BaseConnection.php(619): CodeIgniter\Database\BaseConnection->initialize()
#2 /var/www/hdz/framework/Database/BaseBuilder.php(1866): CodeIgniter\Database\BaseConnection->query('SELECT *\nFROM `...', Array, false)
#3 /var/www/hdz/app/Libraries/Settings.php(20): CodeIgniter\Database\BaseBuilder->get()
#4 /var/www/hdz/app/Filters/UserAuth.php(22): App\Libraries\Settings->config('maintenance')
#5 /var/www/hdz/framework/Filters/Filters.php(181): App\Filters\UserAuth->before(Object(CodeIgniter\HTTP\IncomingRequest), NULL)
#6 /var/www/hdz/framework/CodeIgniter.php(403): CodeIgniter\Filters\Filters->run('/', 'before')
#7 /var/www/hdz/framework/CodeIgniter.php(333): CodeIgniter\CodeIgniter->handleRequest(NULL, Object(Config\Cache), false)
#8 /var/www/index.php(44): CodeIgniter\CodeIgniter->run()
#9 {main}
CRITICAL - 2023-02-11 09:25:17 --> Connection refused
#0 /var/www/hdz/framework/Database/BaseConnection.php(345): CodeIgniter\Database\MySQLi\Connection->connect(false)
#1 /var/www/hdz/framework/Database/BaseConnection.php(619): CodeIgniter\Database\BaseConnection->initialize()
#2 /var/www/hdz/framework/Database/BaseBuilder.php(1866): CodeIgniter\Database\BaseConnection->query('SELECT *\nFROM `...', Array, false)
#3 /var/www/hdz/app/Libraries/Settings.php(20): CodeIgniter\Database\BaseBuilder->get()
#4 /var/www/hdz/app/Filters/UserAuth.php(22): App\Libraries\Settings->config('maintenance')
#5 /var/www/hdz/framework/Filters/Filters.php(181): App\Filters\UserAuth->before(Object(CodeIgniter\HTTP\IncomingRequest), NULL)
#6 /var/www/hdz/framework/CodeIgniter.php(403): CodeIgniter\Filters\Filters->run('/', 'before')
#7 /var/www/hdz/framework/CodeIgniter.php(333): CodeIgniter\CodeIgniter->handleRequest(NULL, Object(Config\Cache), false)
#8 /var/www/index.php(44): CodeIgniter\CodeIgniter->run()
#9 {main}
CRITICAL - 2023-02-11 09:25:18 --> Connection refused
#0 /var/www/hdz/framework/Database/BaseConnection.php(345): CodeIgniter\Database\MySQLi\Connection->connect(false)
#1 /var/www/hdz/framework/Database/BaseConnection.php(619): CodeIgniter\Database\BaseConnection->initialize()
#2 /var/www/hdz/framework/Database/BaseBuilder.php(1866): CodeIgniter\Database\BaseConnection->query('SELECT *\nFROM `...', Array, false)
#3 /var/www/hdz/app/Libraries/Settings.php(20): CodeIgniter\Database\BaseBuilder->get()
#4 /var/www/hdz/app/Filters/UserAuth.php(22): App\Libraries\Settings->config('maintenance')
#5 /var/www/hdz/framework/Filters/Filters.php(181): App\Filters\UserAuth->before(Object(CodeIgniter\HTTP\IncomingRequest), NULL)
#6 /var/www/hdz/framework/CodeIgniter.php(403): CodeIgniter\Filters\Filters->run('/', 'before')
#7 /var/www/hdz/framework/CodeIgniter.php(333): CodeIgniter\CodeIgniter->handleRequest(NULL, Object(Config\Cache), false)
#8 /var/www/index.php(44): CodeIgniter\CodeIgniter->run()
#9 {main}
CRITICAL - 2023-02-11 09:25:19 --> Connection refused
#0 /var/www/hdz/framework/Database/BaseConnection.php(345): CodeIgniter\Database\MySQLi\Connection->connect(false)
#1 /var/www/hdz/framework/Database/BaseConnection.php(619): CodeIgniter\Database\BaseConnection->initialize()
#2 /var/www/hdz/framework/Database/BaseBuilder.php(1866): CodeIgniter\Database\BaseConnection->query('SELECT *\nFROM `...', Array, false)
#3 /var/www/hdz/app/Libraries/Settings.php(20): CodeIgniter\Database\BaseBuilder->get()
#4 /var/www/hdz/app/Filters/UserAuth.php(22): App\Libraries\Settings->config('maintenance')
#5 /var/www/hdz/framework/Filters/Filters.php(181): App\Filters\UserAuth->before(Object(CodeIgniter\HTTP\IncomingRequest), NULL)
#6 /var/www/hdz/framework/CodeIgniter.php(403): CodeIgniter\Filters\Filters->run('/', 'before')
#7 /var/www/hdz/framework/CodeIgniter.php(333): CodeIgniter\CodeIgniter->handleRequest(NULL, Object(Config\Cache), false)
#8 /var/www/index.php(44): CodeIgniter\CodeIgniter->run()
#9 {main}
CRITICAL - 2023-02-11 09:25:22 --> Connection refused
#0 /var/www/hdz/framework/Database/BaseConnection.php(345): CodeIgniter\Database\MySQLi\Connection->connect(false)
#1 /var/www/hdz/framework/Database/BaseConnection.php(619): CodeIgniter\Database\BaseConnection->initialize()
#2 /var/www/hdz/framework/Database/BaseBuilder.php(1866): CodeIgniter\Database\BaseConnection->query('SELECT *\nFROM `...', Array, false)
#3 /var/www/hdz/app/Libraries/Settings.php(20): CodeIgniter\Database\BaseBuilder->get()
#4 /var/www/hdz/app/Filters/UserAuth.php(22): App\Libraries\Settings->config('maintenance')
#5 /var/www/hdz/framework/Filters/Filters.php(181): App\Filters\UserAuth->before(Object(CodeIgniter\HTTP\IncomingRequest), NULL)
#6 /var/www/hdz/framework/CodeIgniter.php(403): CodeIgniter\Filters\Filters->run('/', 'before')
#7 /var/www/hdz/framework/CodeIgniter.php(333): CodeIgniter\CodeIgniter->handleRequest(NULL, Object(Config\Cache), false)
#8 /var/www/index.php(44): CodeIgniter\CodeIgniter->run()
#9 {main}
CRITICAL - 2023-02-11 09:25:25 --> php_network_getaddresses: getaddrinfo failed: Name or service not known
#0 /var/www/hdz/framework/Database/BaseConnection.php(345): CodeIgniter\Database\MySQLi\Connection->connect(false)
#1 /var/www/hdz/framework/Database/BaseConnection.php(619): CodeIgniter\Database\BaseConnection->initialize()
#2 /var/www/hdz/framework/Database/BaseBuilder.php(1866): CodeIgniter\Database\BaseConnection->query('SELECT *\nFROM `...', Array, false)
#3 /var/www/hdz/app/Libraries/Settings.php(20): CodeIgniter\Database\BaseBuilder->get()
#4 /var/www/hdz/app/Filters/UserAuth.php(22): App\Libraries\Settings->config('maintenance')
#5 /var/www/hdz/framework/Filters/Filters.php(181): App\Filters\UserAuth->before(Object(CodeIgniter\HTTP\IncomingRequest), NULL)
#6 /var/www/hdz/framework/CodeIgniter.php(403): CodeIgniter\Filters\Filters->run('/', 'before')
#7 /var/www/hdz/framework/CodeIgniter.php(333): CodeIgniter\CodeIgniter->handleRequest(NULL, Object(Config\Cache), false)
#8 /var/www/index.php(44): CodeIgniter\CodeIgniter->run()
#9 {main}
CRITICAL - 2023-02-11 09:25:31 --> php_network_getaddresses: getaddrinfo failed: Name or service not known
#0 /var/www/hdz/framework/Database/BaseConnection.php(345): CodeIgniter\Database\MySQLi\Connection->connect(false)
#1 /var/www/hdz/framework/Database/BaseConnection.php(619): CodeIgniter\Database\BaseConnection->initialize()
#2 /var/www/hdz/framework/Database/BaseBuilder.php(1866): CodeIgniter\Database\BaseConnection->query('SELECT *\nFROM `...', Array, false)
#3 /var/www/hdz/app/Libraries/Settings.php(20): CodeIgniter\Database\BaseBuilder->get()
#4 /var/www/hdz/app/Filters/UserAuth.php(22): App\Libraries\Settings->config('maintenance')
#5 /var/www/hdz/framework/Filters/Filters.php(181): App\Filters\UserAuth->before(Object(CodeIgniter\HTTP\IncomingRequest), NULL)
#6 /var/www/hdz/framework/CodeIgniter.php(403): CodeIgniter\Filters\Filters->run('/', 'before')
#7 /var/www/hdz/framework/CodeIgniter.php(333): CodeIgniter\CodeIgniter->handleRequest(NULL, Object(Config\Cache), false)
#8 /var/www/index.php(44): CodeIgniter\CodeIgniter->run()
#9 {main}
CRITICAL - 2023-02-11 09:25:43 --> php_network_getaddresses: getaddrinfo failed: Name or service not known
#0 /var/www/hdz/framework/Database/BaseConnection.php(345): CodeIgniter\Database\MySQLi\Connection->connect(false)
#1 /var/www/hdz/framework/Database/BaseConnection.php(619): CodeIgniter\Database\BaseConnection->initialize()
#2 /var/www/hdz/framework/Database/BaseBuilder.php(1866): CodeIgniter\Database\BaseConnection->query('SELECT *\nFROM `...', Array, false)
#3 /var/www/hdz/app/Libraries/Settings.php(20): CodeIgniter\Database\BaseBuilder->get()
#4 /var/www/hdz/app/Filters/UserAuth.php(22): App\Libraries\Settings->config('maintenance')
#5 /var/www/hdz/framework/Filters/Filters.php(181): App\Filters\UserAuth->before(Object(CodeIgniter\HTTP\IncomingRequest), NULL)
#6 /var/www/hdz/framework/CodeIgniter.php(403): CodeIgniter\Filters\Filters->run('/', 'before')
#7 /var/www/hdz/framework/CodeIgniter.php(333): CodeIgniter\CodeIgniter->handleRequest(NULL, Object(Config\Cache), false)
#8 /var/www/index.php(44): CodeIgniter\CodeIgniter->run()
#9 {main}
CRITICAL - 2023-02-11 09:25:47 --> Connection refused
#0 /var/www/hdz/framework/Database/BaseConnection.php(345): CodeIgniter\Database\MySQLi\Connection->connect(false)
#1 /var/www/hdz/framework/Database/BaseConnection.php(619): CodeIgniter\Database\BaseConnection->initialize()
#2 /var/www/hdz/framework/Database/BaseBuilder.php(1866): CodeIgniter\Database\BaseConnection->query('SELECT *\nFROM `...', Array, false)
#3 /var/www/hdz/app/Libraries/Settings.php(20): CodeIgniter\Database\BaseBuilder->get()
#4 /var/www/hdz/app/Filters/UserAuth.php(22): App\Libraries\Settings->config('maintenance')
#5 /var/www/hdz/framework/Filters/Filters.php(181): App\Filters\UserAuth->before(Object(CodeIgniter\HTTP\IncomingRequest), NULL)
#6 /var/www/hdz/framework/CodeIgniter.php(403): CodeIgniter\Filters\Filters->run('/', 'before')
#7 /var/www/hdz/framework/CodeIgniter.php(333): CodeIgniter\CodeIgniter->handleRequest(NULL, Object(Config\Cache), false)
#8 /var/www/index.php(44): CodeIgniter\CodeIgniter->run()
#9 {main}
CRITICAL - 2023-02-11 09:25:48 --> Connection refused
#0 /var/www/hdz/framework/Database/BaseConnection.php(345): CodeIgniter\Database\MySQLi\Connection->connect(false)
#1 /var/www/hdz/framework/Database/BaseConnection.php(619): CodeIgniter\Database\BaseConnection->initialize()
#2 /var/www/hdz/framework/Database/BaseBuilder.php(1866): CodeIgniter\Database\BaseConnection->query('SELECT *\nFROM `...', Array, false)
#3 /var/www/hdz/app/Libraries/Settings.php(20): CodeIgniter\Database\BaseBuilder->get()
#4 /var/www/hdz/app/Filters/UserAuth.php(22): App\Libraries\Settings->config('maintenance')
#5 /var/www/hdz/framework/Filters/Filters.php(181): App\Filters\UserAuth->before(Object(CodeIgniter\HTTP\IncomingRequest), NULL)
#6 /var/www/hdz/framework/CodeIgniter.php(403): CodeIgniter\Filters\Filters->run('/', 'before')
#7 /var/www/hdz/framework/CodeIgniter.php(333): CodeIgniter\CodeIgniter->handleRequest(NULL, Object(Config\Cache), false)
#8 /var/www/index.php(44): CodeIgniter\CodeIgniter->run()
#9 {main}
CRITICAL - 2023-02-11 09:25:51 --> No such file or directory
#0 /var/www/hdz/framework/Database/BaseConnection.php(345): CodeIgniter\Database\MySQLi\Connection->connect(false)
#1 /var/www/hdz/framework/Database/BaseConnection.php(619): CodeIgniter\Database\BaseConnection->initialize()
#2 /var/www/hdz/framework/Database/BaseBuilder.php(1866): CodeIgniter\Database\BaseConnection->query('SELECT *\nFROM `...', Array, false)
#3 /var/www/hdz/app/Libraries/Settings.php(20): CodeIgniter\Database\BaseBuilder->get()
#4 /var/www/hdz/app/Filters/UserAuth.php(22): App\Libraries\Settings->config('maintenance')
#5 /var/www/hdz/framework/Filters/Filters.php(181): App\Filters\UserAuth->before(Object(CodeIgniter\HTTP\IncomingRequest), NULL)
#6 /var/www/hdz/framework/CodeIgniter.php(403): CodeIgniter\Filters\Filters->run('/', 'before')
#7 /var/www/hdz/framework/CodeIgniter.php(333): CodeIgniter\CodeIgniter->handleRequest(NULL, Object(Config\Cache), false)
#8 /var/www/index.php(44): CodeIgniter\CodeIgniter->run()
#9 {main}
CRITICAL - 2023-02-11 09:25:52 --> No such file or directory
#0 /var/www/hdz/framework/Database/BaseConnection.php(345): CodeIgniter\Database\MySQLi\Connection->connect(false)
#1 /var/www/hdz/framework/Database/BaseConnection.php(619): CodeIgniter\Database\BaseConnection->initialize()
#2 /var/www/hdz/framework/Database/BaseBuilder.php(1866): CodeIgniter\Database\BaseConnection->query('SELECT *\nFROM `...', Array, false)
#3 /var/www/hdz/app/Libraries/Settings.php(20): CodeIgniter\Database\BaseBuilder->get()
#4 /var/www/hdz/app/Filters/UserAuth.php(22): App\Libraries\Settings->config('maintenance')
#5 /var/www/hdz/framework/Filters/Filters.php(181): App\Filters\UserAuth->before(Object(CodeIgniter\HTTP\IncomingRequest), NULL)
#6 /var/www/hdz/framework/CodeIgniter.php(403): CodeIgniter\Filters\Filters->run('/', 'before')
#7 /var/www/hdz/framework/CodeIgniter.php(333): CodeIgniter\CodeIgniter->handleRequest(NULL, Object(Config\Cache), false)
#8 /var/www/index.php(44): CodeIgniter\CodeIgniter->run()
#9 {main}
ERROR - 2023-02-11 09:26:03 --> mysqli_sql_exception: Table 'helpdesk.hdz_config' doesn't exist in /var/www/hdz/framework/Database/MySQLi/Connection.php:314
Stack trace:
#0 /var/www/hdz/framework/Database/MySQLi/Connection.php(314): mysqli->query('SELECT *\nFROM `...')
#1 /var/www/hdz/framework/Database/BaseConnection.php(713): CodeIgniter\Database\MySQLi\Connection->execute('SELECT *\nFROM `...')
#2 /var/www/hdz/framework/Database/BaseConnection.php(641): CodeIgniter\Database\BaseConnection->simpleQuery('SELECT *\nFROM `...')
#3 /var/www/hdz/framework/Database/BaseBuilder.php(1866): CodeIgniter\Database\BaseConnection->query('SELECT *\nFROM `...', Array, false)
#4 /var/www/hdz/app/Libraries/Settings.php(20): CodeIgniter\Database\BaseBuilder->get()
#5 /var/www/hdz/app/Filters/UserAuth.php(22): App\Libraries\Settings->config('maintenance')
#6 /var/www/hdz/framework/Filters/Filters.php(181): App\Filters\UserAuth->before(Object(CodeIgniter\HTTP\IncomingRequest), NULL)
#7 /var/www/hdz/framework/CodeIgniter.php(403): CodeIgniter\Filters\Filters->run('/', 'before')
#8 /var/www/hdz/framework/CodeIgniter.php(333): CodeIgniter\CodeIgniter->handleRequest(NULL, Object(Config\Cache), false)
#9 /var/www/index.php(44): CodeIgniter\CodeIgniter->run()
#10 {main}
CRITICAL - 2023-02-11 09:26:03 --> Table 'helpdesk.hdz_config' doesn't exist
#0 /var/www/hdz/framework/Database/MySQLi/Connection.php(314): mysqli->query('SELECT *\nFROM `...')
#1 /var/www/hdz/framework/Database/BaseConnection.php(713): CodeIgniter\Database\MySQLi\Connection->execute('SELECT *\nFROM `...')
#2 /var/www/hdz/framework/Database/BaseConnection.php(641): CodeIgniter\Database\BaseConnection->simpleQuery('SELECT *\nFROM `...')
#3 /var/www/hdz/framework/Database/BaseBuilder.php(1866): CodeIgniter\Database\BaseConnection->query('SELECT *\nFROM `...', Array, false)
#4 /var/www/hdz/app/Libraries/Settings.php(20): CodeIgniter\Database\BaseBuilder->get()
#5 /var/www/hdz/app/Filters/UserAuth.php(22): App\Libraries\Settings->config('maintenance')
#6 /var/www/hdz/framework/Filters/Filters.php(181): App\Filters\UserAuth->before(Object(CodeIgniter\HTTP\IncomingRequest), NULL)
#7 /var/www/hdz/framework/CodeIgniter.php(403): CodeIgniter\Filters\Filters->run('/', 'before')
#8 /var/www/hdz/framework/CodeIgniter.php(333): CodeIgniter\CodeIgniter->handleRequest(NULL, Object(Config\Cache), false)
#9 /var/www/index.php(44): CodeIgniter\CodeIgniter->run()
#10 {main}
ERROR - 2023-02-11 10:22:10 --> mysqli_sql_exception: Table 'helpdesk.hdz_config' doesn't exist in /var/www/hdz/framework/Database/MySQLi/Connection.php:314
Stack trace:
#0 /var/www/hdz/framework/Database/MySQLi/Connection.php(314): mysqli->query('SELECT *\nFROM `...')
#1 /var/www/hdz/framework/Database/BaseConnection.php(713): CodeIgniter\Database\MySQLi\Connection->execute('SELECT *\nFROM `...')
#2 /var/www/hdz/framework/Database/BaseConnection.php(641): CodeIgniter\Database\BaseConnection->simpleQuery('SELECT *\nFROM `...')
#3 /var/www/hdz/framework/Database/BaseBuilder.php(1866): CodeIgniter\Database\BaseConnection->query('SELECT *\nFROM `...', Array, false)
#4 /var/www/hdz/app/Libraries/Settings.php(20): CodeIgniter\Database\BaseBuilder->get()
#5 /var/www/hdz/app/Filters/UserAuth.php(22): App\Libraries\Settings->config('maintenance')
#6 /var/www/hdz/framework/Filters/Filters.php(181): App\Filters\UserAuth->before(Object(CodeIgniter\HTTP\IncomingRequest), NULL)
#7 /var/www/hdz/framework/CodeIgniter.php(403): CodeIgniter\Filters\Filters->run('/', 'before')
#8 /var/www/hdz/framework/CodeIgniter.php(333): CodeIgniter\CodeIgniter->handleRequest(NULL, Object(Config\Cache), false)
#9 /var/www/index.php(44): CodeIgniter\CodeIgniter->run()
#10 {main}
CRITICAL - 2023-02-11 10:22:10 --> Table 'helpdesk.hdz_config' doesn't exist
#0 /var/www/hdz/framework/Database/MySQLi/Connection.php(314): mysqli->query('SELECT *\nFROM `...')
#1 /var/www/hdz/framework/Database/BaseConnection.php(713): CodeIgniter\Database\MySQLi\Connection->execute('SELECT *\nFROM `...')
#2 /var/www/hdz/framework/Database/BaseConnection.php(641): CodeIgniter\Database\BaseConnection->simpleQuery('SELECT *\nFROM `...')
#3 /var/www/hdz/framework/Database/BaseBuilder.php(1866): CodeIgniter\Database\BaseConnection->query('SELECT *\nFROM `...', Array, false)
#4 /var/www/hdz/app/Libraries/Settings.php(20): CodeIgniter\Database\BaseBuilder->get()
#5 /var/www/hdz/app/Filters/UserAuth.php(22): App\Libraries\Settings->config('maintenance')
#6 /var/www/hdz/framework/Filters/Filters.php(181): App\Filters\UserAuth->before(Object(CodeIgniter\HTTP\IncomingRequest), NULL)
#7 /var/www/hdz/framework/CodeIgniter.php(403): CodeIgniter\Filters\Filters->run('/', 'before')
#8 /var/www/hdz/framework/CodeIgniter.php(333): CodeIgniter\CodeIgniter->handleRequest(NULL, Object(Config\Cache), false)
#9 /var/www/index.php(44): CodeIgniter\CodeIgniter->run()
#10 {main}
ERROR - 2023-02-11 10:47:55 --> Error connecting to the database: Connection refused
CRITICAL - 2023-02-11 10:47:55 --> Unable to connect to the database.
#0 /var/www/hdz/framework/Database/BaseConnection.php(618): CodeIgniter\Database\BaseConnection->initialize()
#1 /var/www/hdz/framework/Database/BaseBuilder.php(1866): CodeIgniter\Database\BaseConnection->query('SELECT *\nFROM `...', Array, false)
#2 /var/www/hdz/app/Libraries/Settings.php(20): CodeIgniter\Database\BaseBuilder->get()
#3 /var/www/hdz/app/Filters/UserAuth.php(22): App\Libraries\Settings->config('maintenance')
#4 /var/www/hdz/framework/Filters/Filters.php(181): App\Filters\UserAuth->before(Object(CodeIgniter\HTTP\IncomingRequest), NULL)
#5 /var/www/hdz/framework/CodeIgniter.php(403): CodeIgniter\Filters\Filters->run('/', 'before')
#6 /var/www/hdz/framework/CodeIgniter.php(333): CodeIgniter\CodeIgniter->handleRequest(NULL, Object(Config\Cache), false)
#7 /var/www/index.php(44): CodeIgniter\CodeIgniter->run()
#8 {main}
ERROR - 2023-02-11 10:48:07 --> mysqli_sql_exception: Table 'helpdesk.hdz_config' doesn't exist in /var/www/hdz/framework/Database/MySQLi/Connection.php:314
Stack trace:
#0 /var/www/hdz/framework/Database/MySQLi/Connection.php(314): mysqli->query('SELECT *\nFROM `...')
#1 /var/www/hdz/framework/Database/BaseConnection.php(713): CodeIgniter\Database\MySQLi\Connection->execute('SELECT *\nFROM `...')
#2 /var/www/hdz/framework/Database/BaseConnection.php(641): CodeIgniter\Database\BaseConnection->simpleQuery('SELECT *\nFROM `...')
#3 /var/www/hdz/framework/Database/BaseBuilder.php(1866): CodeIgniter\Database\BaseConnection->query('SELECT *\nFROM `...', Array, false)
#4 /var/www/hdz/app/Libraries/Settings.php(20): CodeIgniter\Database\BaseBuilder->get()
#5 /var/www/hdz/app/Filters/UserAuth.php(22): App\Libraries\Settings->config('maintenance')
#6 /var/www/hdz/framework/Filters/Filters.php(181): App\Filters\UserAuth->before(Object(CodeIgniter\HTTP\IncomingRequest), NULL)
#7 /var/www/hdz/framework/CodeIgniter.php(403): CodeIgniter\Filters\Filters->run('/', 'before')
#8 /var/www/hdz/framework/CodeIgniter.php(333): CodeIgniter\CodeIgniter->handleRequest(NULL, Object(Config\Cache), false)
#9 /var/www/index.php(44): CodeIgniter\CodeIgniter->run()
#10 {main}
CRITICAL - 2023-02-11 10:48:07 --> Table 'helpdesk.hdz_config' doesn't exist
#0 /var/www/hdz/framework/Database/MySQLi/Connection.php(314): mysqli->query('SELECT *\nFROM `...')
#1 /var/www/hdz/framework/Database/BaseConnection.php(713): CodeIgniter\Database\MySQLi\Connection->execute('SELECT *\nFROM `...')
#2 /var/www/hdz/framework/Database/BaseConnection.php(641): CodeIgniter\Database\BaseConnection->simpleQuery('SELECT *\nFROM `...')
#3 /var/www/hdz/framework/Database/BaseBuilder.php(1866): CodeIgniter\Database\BaseConnection->query('SELECT *\nFROM `...', Array, false)
#4 /var/www/hdz/app/Libraries/Settings.php(20): CodeIgniter\Database\BaseBuilder->get()
#5 /var/www/hdz/app/Filters/UserAuth.php(22): App\Libraries\Settings->config('maintenance')
#6 /var/www/hdz/framework/Filters/Filters.php(181): App\Filters\UserAuth->before(Object(CodeIgniter\HTTP\IncomingRequest), NULL)
#7 /var/www/hdz/framework/CodeIgniter.php(403): CodeIgniter\Filters\Filters->run('/', 'before')
#8 /var/www/hdz/framework/CodeIgniter.php(333): CodeIgniter\CodeIgniter->handleRequest(NULL, Object(Config\Cache), false)
#9 /var/www/index.php(44): CodeIgniter\CodeIgniter->run()
#10 {main}
ERROR - 2023-02-11 10:53:06 --> Error connecting to the database: php_network_getaddresses: getaddrinfo failed: Name or service not known
CRITICAL - 2023-02-11 10:53:06 --> Unable to connect to the database.
#0 /var/www/hdz/framework/Database/BaseConnection.php(618): CodeIgniter\Database\BaseConnection->initialize()
#1 /var/www/hdz/framework/Database/BaseBuilder.php(1866): CodeIgniter\Database\BaseConnection->query('SELECT *\nFROM `...', Array, false)
#2 /var/www/hdz/app/Libraries/Settings.php(20): CodeIgniter\Database\BaseBuilder->get()
#3 /var/www/hdz/app/Filters/UserAuth.php(22): App\Libraries\Settings->config('maintenance')
#4 /var/www/hdz/framework/Filters/Filters.php(181): App\Filters\UserAuth->before(Object(CodeIgniter\HTTP\IncomingRequest), NULL)
#5 /var/www/hdz/framework/CodeIgniter.php(403): CodeIgniter\Filters\Filters->run('/', 'before')
#6 /var/www/hdz/framework/CodeIgniter.php(333): CodeIgniter\CodeIgniter->handleRequest(NULL, Object(Config\Cache), false)
#7 /var/www/index.php(44): CodeIgniter\CodeIgniter->run()
#8 {main}
ERROR - 2023-02-11 10:53:08 --> Error connecting to the database: php_network_getaddresses: getaddrinfo failed: Name or service not known
CRITICAL - 2023-02-11 10:53:08 --> Unable to connect to the database.
#0 /var/www/hdz/framework/Database/BaseConnection.php(618): CodeIgniter\Database\BaseConnection->initialize()
#1 /var/www/hdz/framework/Database/BaseBuilder.php(1866): CodeIgniter\Database\BaseConnection->query('SELECT *\nFROM `...', Array, false)
#2 /var/www/hdz/app/Libraries/Settings.php(20): CodeIgniter\Database\BaseBuilder->get()
#3 /var/www/hdz/app/Filters/UserAuth.php(22): App\Libraries\Settings->config('maintenance')
#4 /var/www/hdz/framework/Filters/Filters.php(181): App\Filters\UserAuth->before(Object(CodeIgniter\HTTP\IncomingRequest), NULL)
#5 /var/www/hdz/framework/CodeIgniter.php(403): CodeIgniter\Filters\Filters->run('/', 'before')
#6 /var/www/hdz/framework/CodeIgniter.php(333): CodeIgniter\CodeIgniter->handleRequest(NULL, Object(Config\Cache), false)
#7 /var/www/index.php(44): CodeIgniter\CodeIgniter->run()
#8 {main}
CRITICAL - 2023-02-11 10:53:23 --> php_network_getaddresses: getaddrinfo failed: Name or service not known
#0 /var/www/hdz/framework/Database/BaseConnection.php(345): CodeIgniter\Database\MySQLi\Connection->connect(false)
#1 /var/www/hdz/framework/Database/BaseConnection.php(619): CodeIgniter\Database\BaseConnection->initialize()
#2 /var/www/hdz/framework/Database/BaseBuilder.php(1866): CodeIgniter\Database\BaseConnection->query('SELECT *\nFROM `...', Array, false)
#3 /var/www/hdz/app/Libraries/Settings.php(20): CodeIgniter\Database\BaseBuilder->get()
#4 /var/www/hdz/app/Filters/UserAuth.php(22): App\Libraries\Settings->config('maintenance')
#5 /var/www/hdz/framework/Filters/Filters.php(181): App\Filters\UserAuth->before(Object(CodeIgniter\HTTP\IncomingRequest), NULL)
#6 /var/www/hdz/framework/CodeIgniter.php(403): CodeIgniter\Filters\Filters->run('/', 'before')
#7 /var/www/hdz/framework/CodeIgniter.php(333): CodeIgniter\CodeIgniter->handleRequest(NULL, Object(Config\Cache), false)
#8 /var/www/index.php(44): CodeIgniter\CodeIgniter->run()
#9 {main}
CRITICAL - 2023-02-11 10:53:35 --> Connection refused
#0 /var/www/hdz/framework/Database/BaseConnection.php(345): CodeIgniter\Database\MySQLi\Connection->connect(false)
#1 /var/www/hdz/framework/Database/BaseConnection.php(619): CodeIgniter\Database\BaseConnection->initialize()
#2 /var/www/hdz/framework/Database/BaseBuilder.php(1866): CodeIgniter\Database\BaseConnection->query('SELECT *\nFROM `...', Array, false)
#3 /var/www/hdz/app/Libraries/Settings.php(20): CodeIgniter\Database\BaseBuilder->get()
#4 /var/www/hdz/app/Filters/UserAuth.php(22): App\Libraries\Settings->config('maintenance')
#5 /var/www/hdz/framework/Filters/Filters.php(181): App\Filters\UserAuth->before(Object(CodeIgniter\HTTP\IncomingRequest), NULL)
#6 /var/www/hdz/framework/CodeIgniter.php(403): CodeIgniter\Filters\Filters->run('/', 'before')
#7 /var/www/hdz/framework/CodeIgniter.php(333): CodeIgniter\CodeIgniter->handleRequest(NULL, Object(Config\Cache), false)
#8 /var/www/index.php(44): CodeIgniter\CodeIgniter->run()
#9 {main}
CRITICAL - 2023-02-11 10:53:37 --> Connection refused
#0 /var/www/hdz/framework/Database/BaseConnection.php(345): CodeIgniter\Database\MySQLi\Connection->connect(false)
#1 /var/www/hdz/framework/Database/BaseConnection.php(619): CodeIgniter\Database\BaseConnection->initialize()
#2 /var/www/hdz/framework/Database/BaseBuilder.php(1866): CodeIgniter\Database\BaseConnection->query('SELECT *\nFROM `...', Array, false)
#3 /var/www/hdz/app/Libraries/Settings.php(20): CodeIgniter\Database\BaseBuilder->get()
#4 /var/www/hdz/app/Filters/UserAuth.php(22): App\Libraries\Settings->config('maintenance')
#5 /var/www/hdz/framework/Filters/Filters.php(181): App\Filters\UserAuth->before(Object(CodeIgniter\HTTP\IncomingRequest), NULL)
#6 /var/www/hdz/framework/CodeIgniter.php(403): CodeIgniter\Filters\Filters->run('/', 'before')
#7 /var/www/hdz/framework/CodeIgniter.php(333): CodeIgniter\CodeIgniter->handleRequest(NULL, Object(Config\Cache), false)
#8 /var/www/index.php(44): CodeIgniter\CodeIgniter->run()
#9 {main}
CRITICAL - 2023-02-11 10:53:38 --> Connection refused
#0 /var/www/hdz/framework/Database/BaseConnection.php(345): CodeIgniter\Database\MySQLi\Connection->connect(false)
#1 /var/www/hdz/framework/Database/BaseConnection.php(619): CodeIgniter\Database\BaseConnection->initialize()
#2 /var/www/hdz/framework/Database/BaseBuilder.php(1866): CodeIgniter\Database\BaseConnection->query('SELECT *\nFROM `...', Array, false)
#3 /var/www/hdz/app/Libraries/Settings.php(20): CodeIgniter\Database\BaseBuilder->get()
#4 /var/www/hdz/app/Filters/UserAuth.php(22): App\Libraries\Settings->config('maintenance')
#5 /var/www/hdz/framework/Filters/Filters.php(181): App\Filters\UserAuth->before(Object(CodeIgniter\HTTP\IncomingRequest), NULL)
#6 /var/www/hdz/framework/CodeIgniter.php(403): CodeIgniter\Filters\Filters->run('/', 'before')
#7 /var/www/hdz/framework/CodeIgniter.php(333): CodeIgniter\CodeIgniter->handleRequest(NULL, Object(Config\Cache), false)
#8 /var/www/index.php(44): CodeIgniter\CodeIgniter->run()
#9 {main}
ERROR - 2023-02-11 10:54:02 --> mysqli_sql_exception: Table 'helpdesk.hdz_config' doesn't exist in /var/www/hdz/framework/Database/MySQLi/Connection.php:314
Stack trace:
#0 /var/www/hdz/framework/Database/MySQLi/Connection.php(314): mysqli->query('SELECT *\nFROM `...')
#1 /var/www/hdz/framework/Database/BaseConnection.php(713): CodeIgniter\Database\MySQLi\Connection->execute('SELECT *\nFROM `...')
#2 /var/www/hdz/framework/Database/BaseConnection.php(641): CodeIgniter\Database\BaseConnection->simpleQuery('SELECT *\nFROM `...')
#3 /var/www/hdz/framework/Database/BaseBuilder.php(1866): CodeIgniter\Database\BaseConnection->query('SELECT *\nFROM `...', Array, false)
#4 /var/www/hdz/app/Libraries/Settings.php(20): CodeIgniter\Database\BaseBuilder->get()
#5 /var/www/hdz/app/Filters/UserAuth.php(22): App\Libraries\Settings->config('maintenance')
#6 /var/www/hdz/framework/Filters/Filters.php(181): App\Filters\UserAuth->before(Object(CodeIgniter\HTTP\IncomingRequest), NULL)
#7 /var/www/hdz/framework/CodeIgniter.php(403): CodeIgniter\Filters\Filters->run('/', 'before')
#8 /var/www/hdz/framework/CodeIgniter.php(333): CodeIgniter\CodeIgniter->handleRequest(NULL, Object(Config\Cache), false)
#9 /var/www/index.php(44): CodeIgniter\CodeIgniter->run()
#10 {main}
CRITICAL - 2023-02-11 10:54:02 --> Table 'helpdesk.hdz_config' doesn't exist
#0 /var/www/hdz/framework/Database/MySQLi/Connection.php(314): mysqli->query('SELECT *\nFROM `...')
#1 /var/www/hdz/framework/Database/BaseConnection.php(713): CodeIgniter\Database\MySQLi\Connection->execute('SELECT *\nFROM `...')
#2 /var/www/hdz/framework/Database/BaseConnection.php(641): CodeIgniter\Database\BaseConnection->simpleQuery('SELECT *\nFROM `...')
#3 /var/www/hdz/framework/Database/BaseBuilder.php(1866): CodeIgniter\Database\BaseConnection->query('SELECT *\nFROM `...', Array, false)
#4 /var/www/hdz/app/Libraries/Settings.php(20): CodeIgniter\Database\BaseBuilder->get()
#5 /var/www/hdz/app/Filters/UserAuth.php(22): App\Libraries\Settings->config('maintenance')
#6 /var/www/hdz/framework/Filters/Filters.php(181): App\Filters\UserAuth->before(Object(CodeIgniter\HTTP\IncomingRequest), NULL)
#7 /var/www/hdz/framework/CodeIgniter.php(403): CodeIgniter\Filters\Filters->run('/', 'before')
#8 /var/www/hdz/framework/CodeIgniter.php(333): CodeIgniter\CodeIgniter->handleRequest(NULL, Object(Config\Cache), false)
#9 /var/www/index.php(44): CodeIgniter\CodeIgniter->run()
#10 {main}
ERROR - 2023-02-11 10:55:46 --> mysqli_sql_exception: Table 'helpdesk.hdz_config' doesn't exist in /var/www/hdz/framework/Database/MySQLi/Connection.php:314
Stack trace:
#0 /var/www/hdz/framework/Database/MySQLi/Connection.php(314): mysqli->query('SELECT *\nFROM `...')
#1 /var/www/hdz/framework/Database/BaseConnection.php(713): CodeIgniter\Database\MySQLi\Connection->execute('SELECT *\nFROM `...')
#2 /var/www/hdz/framework/Database/BaseConnection.php(641): CodeIgniter\Database\BaseConnection->simpleQuery('SELECT *\nFROM `...')
#3 /var/www/hdz/framework/Database/BaseBuilder.php(1866): CodeIgniter\Database\BaseConnection->query('SELECT *\nFROM `...', Array, false)
#4 /var/www/hdz/app/Libraries/Settings.php(20): CodeIgniter\Database\BaseBuilder->get()
#5 /var/www/hdz/app/Filters/UserAuth.php(22): App\Libraries\Settings->config('maintenance')
#6 /var/www/hdz/framework/Filters/Filters.php(181): App\Filters\UserAuth->before(Object(CodeIgniter\HTTP\IncomingRequest), NULL)
#7 /var/www/hdz/framework/CodeIgniter.php(403): CodeIgniter\Filters\Filters->run('/', 'before')
#8 /var/www/hdz/framework/CodeIgniter.php(333): CodeIgniter\CodeIgniter->handleRequest(NULL, Object(Config\Cache), false)
#9 /var/www/index.php(44): CodeIgniter\CodeIgniter->run()
#10 {main}
CRITICAL - 2023-02-11 10:55:46 --> Table 'helpdesk.hdz_config' doesn't exist
#0 /var/www/hdz/framework/Database/MySQLi/Connection.php(314): mysqli->query('SELECT *\nFROM `...')
#1 /var/www/hdz/framework/Database/BaseConnection.php(713): CodeIgniter\Database\MySQLi\Connection->execute('SELECT *\nFROM `...')
#2 /var/www/hdz/framework/Database/BaseConnection.php(641): CodeIgniter\Database\BaseConnection->simpleQuery('SELECT *\nFROM `...')
#3 /var/www/hdz/framework/Database/BaseBuilder.php(1866): CodeIgniter\Database\BaseConnection->query('SELECT *\nFROM `...', Array, false)
#4 /var/www/hdz/app/Libraries/Settings.php(20): CodeIgniter\Database\BaseBuilder->get()
#5 /var/www/hdz/app/Filters/UserAuth.php(22): App\Libraries\Settings->config('maintenance')
#6 /var/www/hdz/framework/Filters/Filters.php(181): App\Filters\UserAuth->before(Object(CodeIgniter\HTTP\IncomingRequest), NULL)
#7 /var/www/hdz/framework/CodeIgniter.php(403): CodeIgniter\Filters\Filters->run('/', 'before')
#8 /var/www/hdz/framework/CodeIgniter.php(333): CodeIgniter\CodeIgniter->handleRequest(NULL, Object(Config\Cache), false)
#9 /var/www/index.php(44): CodeIgniter\CodeIgniter->run()
#10 {main}
ERROR - 2023-02-11 10:55:51 --> mysqli_sql_exception: Table 'helpdesk.hdz_config' doesn't exist in /var/www/hdz/framework/Database/MySQLi/Connection.php:314
Stack trace:
#0 /var/www/hdz/framework/Database/MySQLi/Connection.php(314): mysqli->query('SELECT *\nFROM `...')
#1 /var/www/hdz/framework/Database/BaseConnection.php(713): CodeIgniter\Database\MySQLi\Connection->execute('SELECT *\nFROM `...')
#2 /var/www/hdz/framework/Database/BaseConnection.php(641): CodeIgniter\Database\BaseConnection->simpleQuery('SELECT *\nFROM `...')
#3 /var/www/hdz/framework/Database/BaseBuilder.php(1866): CodeIgniter\Database\BaseConnection->query('SELECT *\nFROM `...', Array, false)
#4 /var/www/hdz/app/Libraries/Settings.php(20): CodeIgniter\Database\BaseBuilder->get()
#5 /var/www/hdz/app/Filters/UserAuth.php(22): App\Libraries\Settings->config('maintenance')
#6 /var/www/hdz/framework/Filters/Filters.php(181): App\Filters\UserAuth->before(Object(CodeIgniter\HTTP\IncomingRequest), NULL)
#7 /var/www/hdz/framework/CodeIgniter.php(403): CodeIgniter\Filters\Filters->run('/', 'before')
#8 /var/www/hdz/framework/CodeIgniter.php(333): CodeIgniter\CodeIgniter->handleRequest(NULL, Object(Config\Cache), false)
#9 /var/www/index.php(44): CodeIgniter\CodeIgniter->run()
#10 {main}
CRITICAL - 2023-02-11 10:55:51 --> Table 'helpdesk.hdz_config' doesn't exist
#0 /var/www/hdz/framework/Database/MySQLi/Connection.php(314): mysqli->query('SELECT *\nFROM `...')
#1 /var/www/hdz/framework/Database/BaseConnection.php(713): CodeIgniter\Database\MySQLi\Connection->execute('SELECT *\nFROM `...')
#2 /var/www/hdz/framework/Database/BaseConnection.php(641): CodeIgniter\Database\BaseConnection->simpleQuery('SELECT *\nFROM `...')
#3 /var/www/hdz/framework/Database/BaseBuilder.php(1866): CodeIgniter\Database\BaseConnection->query('SELECT *\nFROM `...', Array, false)
#4 /var/www/hdz/app/Libraries/Settings.php(20): CodeIgniter\Database\BaseBuilder->get()
#5 /var/www/hdz/app/Filters/UserAuth.php(22): App\Libraries\Settings->config('maintenance')
#6 /var/www/hdz/framework/Filters/Filters.php(181): App\Filters\UserAuth->before(Object(CodeIgniter\HTTP\IncomingRequest), NULL)
#7 /var/www/hdz/framework/CodeIgniter.php(403): CodeIgniter\Filters\Filters->run('/', 'before')
#8 /var/www/hdz/framework/CodeIgniter.php(333): CodeIgniter\CodeIgniter->handleRequest(NULL, Object(Config\Cache), false)
#9 /var/www/index.php(44): CodeIgniter\CodeIgniter->run()
#10 {main}
ERROR - 2023-02-11 10:58:13 --> mysqli_sql_exception: Table 'helpdesk.hdz_config' doesn't exist in /var/www/hdz/framework/Database/MySQLi/Connection.php:314
Stack trace:
#0 /var/www/hdz/framework/Database/MySQLi/Connection.php(314): mysqli->query('SELECT *\nFROM `...')
#1 /var/www/hdz/framework/Database/BaseConnection.php(713): CodeIgniter\Database\MySQLi\Connection->execute('SELECT *\nFROM `...')
#2 /var/www/hdz/framework/Database/BaseConnection.php(641): CodeIgniter\Database\BaseConnection->simpleQuery('SELECT *\nFROM `...')
#3 /var/www/hdz/framework/Database/BaseBuilder.php(1866): CodeIgniter\Database\BaseConnection->query('SELECT *\nFROM `...', Array, false)
#4 /var/www/hdz/app/Libraries/Settings.php(20): CodeIgniter\Database\BaseBuilder->get()
#5 /var/www/hdz/app/Filters/UserAuth.php(22): App\Libraries\Settings->config('maintenance')
#6 /var/www/hdz/framework/Filters/Filters.php(181): App\Filters\UserAuth->before(Object(CodeIgniter\HTTP\IncomingRequest), NULL)
#7 /var/www/hdz/framework/CodeIgniter.php(403): CodeIgniter\Filters\Filters->run('/', 'before')
#8 /var/www/hdz/framework/CodeIgniter.php(333): CodeIgniter\CodeIgniter->handleRequest(NULL, Object(Config\Cache), false)
#9 /var/www/index.php(44): CodeIgniter\CodeIgniter->run()
#10 {main}
CRITICAL - 2023-02-11 10:58:13 --> Table 'helpdesk.hdz_config' doesn't exist
#0 /var/www/hdz/framework/Database/MySQLi/Connection.php(314): mysqli->query('SELECT *\nFROM `...')
#1 /var/www/hdz/framework/Database/BaseConnection.php(713): CodeIgniter\Database\MySQLi\Connection->execute('SELECT *\nFROM `...')
#2 /var/www/hdz/framework/Database/BaseConnection.php(641): CodeIgniter\Database\BaseConnection->simpleQuery('SELECT *\nFROM `...')
#3 /var/www/hdz/framework/Database/BaseBuilder.php(1866): CodeIgniter\Database\BaseConnection->query('SELECT *\nFROM `...', Array, false)
#4 /var/www/hdz/app/Libraries/Settings.php(20): CodeIgniter\Database\BaseBuilder->get()
#5 /var/www/hdz/app/Filters/UserAuth.php(22): App\Libraries\Settings->config('maintenance')
#6 /var/www/hdz/framework/Filters/Filters.php(181): App\Filters\UserAuth->before(Object(CodeIgniter\HTTP\IncomingRequest), NULL)
#7 /var/www/hdz/framework/CodeIgniter.php(403): CodeIgniter\Filters\Filters->run('/', 'before')
#8 /var/www/hdz/framework/CodeIgniter.php(333): CodeIgniter\CodeIgniter->handleRequest(NULL, Object(Config\Cache), false)
#9 /var/www/index.php(44): CodeIgniter\CodeIgniter->run()
#10 {main}
ERROR - 2023-02-11 11:05:11 --> mysqli_sql_exception: Table 'helpdesk.hdz_config' doesn't exist in /var/www/hdz/framework/Database/MySQLi/Connection.php:314
Stack trace:
#0 /var/www/hdz/framework/Database/MySQLi/Connection.php(314): mysqli->query('SELECT *\nFROM `...')
#1 /var/www/hdz/framework/Database/BaseConnection.php(713): CodeIgniter\Database\MySQLi\Connection->execute('SELECT *\nFROM `...')
#2 /var/www/hdz/framework/Database/BaseConnection.php(641): CodeIgniter\Database\BaseConnection->simpleQuery('SELECT *\nFROM `...')
#3 /var/www/hdz/framework/Database/BaseBuilder.php(1866): CodeIgniter\Database\BaseConnection->query('SELECT *\nFROM `...', Array, false)
#4 /var/www/hdz/app/Libraries/Settings.php(20): CodeIgniter\Database\BaseBuilder->get()
#5 /var/www/hdz/app/Filters/UserAuth.php(22): App\Libraries\Settings->config('maintenance')
#6 /var/www/hdz/framework/Filters/Filters.php(181): App\Filters\UserAuth->before(Object(CodeIgniter\HTTP\IncomingRequest), NULL)
#7 /var/www/hdz/framework/CodeIgniter.php(403): CodeIgniter\Filters\Filters->run('/', 'before')
#8 /var/www/hdz/framework/CodeIgniter.php(333): CodeIgniter\CodeIgniter->handleRequest(NULL, Object(Config\Cache), false)
#9 /var/www/index.php(44): CodeIgniter\CodeIgniter->run()
#10 {main}
CRITICAL - 2023-02-11 11:05:11 --> Table 'helpdesk.hdz_config' doesn't exist
#0 /var/www/hdz/framework/Database/MySQLi/Connection.php(314): mysqli->query('SELECT *\nFROM `...')
#1 /var/www/hdz/framework/Database/BaseConnection.php(713): CodeIgniter\Database\MySQLi\Connection->execute('SELECT *\nFROM `...')
#2 /var/www/hdz/framework/Database/BaseConnection.php(641): CodeIgniter\Database\BaseConnection->simpleQuery('SELECT *\nFROM `...')
#3 /var/www/hdz/framework/Database/BaseBuilder.php(1866): CodeIgniter\Database\BaseConnection->query('SELECT *\nFROM `...', Array, false)
#4 /var/www/hdz/app/Libraries/Settings.php(20): CodeIgniter\Database\BaseBuilder->get()
#5 /var/www/hdz/app/Filters/UserAuth.php(22): App\Libraries\Settings->config('maintenance')
#6 /var/www/hdz/framework/Filters/Filters.php(181): App\Filters\UserAuth->before(Object(CodeIgniter\HTTP\IncomingRequest), NULL)
#7 /var/www/hdz/framework/CodeIgniter.php(403): CodeIgniter\Filters\Filters->run('/', 'before')
#8 /var/www/hdz/framework/CodeIgniter.php(333): CodeIgniter\CodeIgniter->handleRequest(NULL, Object(Config\Cache), false)
#9 /var/www/index.php(44): CodeIgniter\CodeIgniter->run()
#10 {main}
ERROR - 2023-02-11 11:05:14 --> mysqli_sql_exception: Table 'helpdesk.hdz_config' doesn't exist in /var/www/hdz/framework/Database/MySQLi/Connection.php:314
Stack trace:
#0 /var/www/hdz/framework/Database/MySQLi/Connection.php(314): mysqli->query('SELECT *\nFROM `...')
#1 /var/www/hdz/framework/Database/BaseConnection.php(713): CodeIgniter\Database\MySQLi\Connection->execute('SELECT *\nFROM `...')
#2 /var/www/hdz/framework/Database/BaseConnection.php(641): CodeIgniter\Database\BaseConnection->simpleQuery('SELECT *\nFROM `...')
#3 /var/www/hdz/framework/Database/BaseBuilder.php(1866): CodeIgniter\Database\BaseConnection->query('SELECT *\nFROM `...', Array, false)
#4 /var/www/hdz/app/Libraries/Settings.php(20): CodeIgniter\Database\BaseBuilder->get()
#5 /var/www/hdz/app/Filters/UserAuth.php(22): App\Libraries\Settings->config('maintenance')
#6 /var/www/hdz/framework/Filters/Filters.php(181): App\Filters\UserAuth->before(Object(CodeIgniter\HTTP\IncomingRequest), NULL)
#7 /var/www/hdz/framework/CodeIgniter.php(403): CodeIgniter\Filters\Filters->run('/', 'before')
#8 /var/www/hdz/framework/CodeIgniter.php(333): CodeIgniter\CodeIgniter->handleRequest(NULL, Object(Config\Cache), false)
#9 /var/www/index.php(44): CodeIgniter\CodeIgniter->run()
#10 {main}
CRITICAL - 2023-02-11 11:05:14 --> Table 'helpdesk.hdz_config' doesn't exist
#0 /var/www/hdz/framework/Database/MySQLi/Connection.php(314): mysqli->query('SELECT *\nFROM `...')
#1 /var/www/hdz/framework/Database/BaseConnection.php(713): CodeIgniter\Database\MySQLi\Connection->execute('SELECT *\nFROM `...')
#2 /var/www/hdz/framework/Database/BaseConnection.php(641): CodeIgniter\Database\BaseConnection->simpleQuery('SELECT *\nFROM `...')
#3 /var/www/hdz/framework/Database/BaseBuilder.php(1866): CodeIgniter\Database\BaseConnection->query('SELECT *\nFROM `...', Array, false)
#4 /var/www/hdz/app/Libraries/Settings.php(20): CodeIgniter\Database\BaseBuilder->get()
#5 /var/www/hdz/app/Filters/UserAuth.php(22): App\Libraries\Settings->config('maintenance')
#6 /var/www/hdz/framework/Filters/Filters.php(181): App\Filters\UserAuth->before(Object(CodeIgniter\HTTP\IncomingRequest), NULL)
#7 /var/www/hdz/framework/CodeIgniter.php(403): CodeIgniter\Filters\Filters->run('/', 'before')
#8 /var/www/hdz/framework/CodeIgniter.php(333): CodeIgniter\CodeIgniter->handleRequest(NULL, Object(Config\Cache), false)
#9 /var/www/index.php(44): CodeIgniter\CodeIgniter->run()
#10 {main}
